20:22:49.503 INFO  [restartedMain][PipiShrimpApplication.logStarting(StartupInfoLogger.java:55)] Starting PipiShrimpApplication using Java 17.0.2 on DESKTOP-PE6C67G with PID 14120 (C:\Users\asus\Downloads\TeamProjectBackEnd-main\TeamProjectBackEnd-main\bin\main started by asus in C:\Users\asus\Downloads\TeamProjectBackEnd-main\TeamProjectBackEnd-main)
20:22:49.513 INFO  [restartedMain][PipiShrimpApplication.logStartupProfileInfo(SpringApplication.java:632)] No active profile set, falling back to 1 default profile: "default"
20:22:49.791 INFO  [restartedMain][DevToolsPropertyDefaultsPostProcessor.logTo(DeferredLog.java:255)] Devtools property defaults active! Set 'spring.devtools.add-properties' to 'false' to disable
20:22:49.795 INFO  [restartedMain][DevToolsPropertyDefaultsPostProcessor.logTo(DeferredLog.java:255)] For additional web related logging consider setting the 'logging.level.web' property to 'DEBUG'
20:22:52.885 INFO  [restartedMain][RepositoryConfigurationDelegate.registerRepositoriesIn(RepositoryConfigurationDelegate.java:132)] Bootstrapping Spring Data JPA repositories in DEFAULT mode.
20:22:53.252 INFO  [restartedMain][RepositoryConfigurationDelegate.registerRepositoriesIn(RepositoryConfigurationDelegate.java:201)] Finished Spring Data repository scanning in 306 ms. Found 4 JPA repository interfaces.
20:22:55.961 INFO  [restartedMain][TomcatWebServer.initialize(TomcatWebServer.java:108)] Tomcat initialized with port(s): 8080 (http)
20:22:55.984 INFO  [restartedMain][Http11NioProtocol.log(DirectJDKLog.java:173)] Initializing ProtocolHandler ["http-nio-8080"]
20:22:55.992 INFO  [restartedMain][StandardService.log(DirectJDKLog.java:173)] Starting service [Tomcat]
20:22:55.993 INFO  [restartedMain][StandardEngine.log(DirectJDKLog.java:173)] Starting Servlet engine: [Apache Tomcat/9.0.82]
20:22:56.354 INFO  [restartedMain][[/].log(DirectJDKLog.java:173)] Initializing Spring embedded WebApplicationContext
20:22:56.357 INFO  [restartedMain][ServletWebServerApplicationContext.prepareWebApplicationContext(ServletWebServerApplicationContext.java:292)] Root WebApplicationContext: initialization completed in 6560 ms
20:22:56.742 INFO  [restartedMain][HikariDataSource.getConnection(HikariDataSource.java:110)] HikariPool-1 - Starting...
20:22:57.308 INFO  [restartedMain][HikariDataSource.getConnection(HikariDataSource.java:123)] HikariPool-1 - Start completed.
20:22:58.347 INFO  [restartedMain][LogHelper.logPersistenceUnitInformation(LogHelper.java:31)] HHH000204: Processing PersistenceUnitInfo [name: default]
20:22:58.626 INFO  [restartedMain][Version.logVersion(Version.java:44)] HHH000412: Hibernate ORM core version 5.6.15.Final
20:22:59.213 INFO  [restartedMain][Version.<clinit>(JavaReflectionManager.java:56)] HCANN000001: Hibernate Commons Annotations {5.1.2.Final}
20:22:59.817 INFO  [restartedMain][Dialect.<init>(Dialect.java:175)] HHH000400: Using dialect: org.hibernate.dialect.MySQL8Dialect
20:23:02.082 INFO  [restartedMain][JtaPlatformInitiator.initiateService(JtaPlatformInitiator.java:52)] HHH000490: Using JtaPlatform implementation: [org.hibernate.engine.transaction.jta.platform.internal.NoJtaPlatform]
20:23:02.121 INFO  [restartedMain][LocalContainerEntityManagerFactoryBean.buildNativeEntityManagerFactory(AbstractEntityManagerFactoryBean.java:437)] Initialized JPA EntityManagerFactory for persistence unit 'default'
20:23:04.720 WARN  [restartedMain][JpaBaseConfiguration$JpaWebConfiguration.openEntityManagerInViewInterceptor(JpaBaseConfiguration.java:223)] spring.jpa.open-in-view is enabled by default. Therefore, database queries may be performed during view rendering. Explicitly configure spring.jpa.open-in-view to disable this warning
20:23:07.052 INFO  [restartedMain][OptionalLiveReloadServer.startServer(OptionalLiveReloadServer.java:59)] LiveReload server is running on port 35729
20:23:07.098 INFO  [restartedMain][Http11NioProtocol.log(DirectJDKLog.java:173)] Starting ProtocolHandler ["http-nio-8080"]
20:23:07.230 INFO  [restartedMain][TomcatWebServer.start(TomcatWebServer.java:220)] Tomcat started on port(s): 8080 (http) with context path ''
20:23:07.276 INFO  [restartedMain][PipiShrimpApplication.logStarted(StartupInfoLogger.java:61)] Started PipiShrimpApplication in 18.885 seconds (JVM running for 21.715)
20:24:12.927 INFO  [main][SpringBootTestContextBootstrapper.buildDefaultMergedContextConfiguration(AbstractTestContextBootstrapper.java:305)] Neither @ContextConfiguration nor @ContextHierarchy found for test class [com.example.PipiShrimp.UserServiceTest], using SpringBootContextLoader
20:24:12.951 INFO  [main][AbstractContextLoader.generateDefaultLocations(AbstractContextLoader.java:264)] Could not detect default resource locations for test class [com.example.PipiShrimp.UserServiceTest]: no resource found for suffixes {-context.xml, Context.groovy}.
20:24:12.954 INFO  [main][AnnotationConfigContextLoaderUtils.detectDefaultConfigurationClasses(AnnotationConfigContextLoaderUtils.java:83)] Could not detect default configuration classes for test class [com.example.PipiShrimp.UserServiceTest]: UserServiceTest does not declare any static, non-private, non-final, nested classes annotated with @Configuration.
20:24:13.389 INFO  [main][SpringBootTestContextBootstrapper.getOrFindConfigurationClasses(SpringBootTestContextBootstrapper.java:239)] Found @SpringBootConfiguration com.example.PipiShrimp.PipiShrimpApplication for test class com.example.PipiShrimp.UserServiceTest
20:24:13.765 INFO  [main][SpringBootTestContextBootstrapper.getDefaultTestExecutionListenerClassNames(AbstractTestContextBootstrapper.java:245)] Loaded default TestExecutionListener class names from location [META-INF/spring.factories]: [org.springframework.boot.test.autoconfigure.restdocs.RestDocsTestExecutionListener, org.springframework.boot.test.autoconfigure.web.client.MockRestServiceServerResetTestExecutionListener, org.springframework.boot.test.autoconfigure.web.servlet.MockMvcPrintOnlyOnFailureTestExecutionListener, org.springframework.boot.test.autoconfigure.web.servlet.WebDriverTestExecutionListener, org.springframework.boot.test.autoconfigure.webservices.client.MockWebServiceServerTestExecutionListener, org.springframework.boot.test.mock.mockito.MockitoTestExecutionListener, org.springframework.boot.test.mock.mockito.ResetMocksTestExecutionListener, org.springframework.test.context.web.ServletTestExecutionListener, org.springframework.test.context.support.DirtiesContextBeforeModesTestExecutionListener, org.springframework.test.context.event.ApplicationEventsTestExecutionListener, org.springframework.test.context.support.DependencyInjectionTestExecutionListener, org.springframework.test.context.support.DirtiesContextTestExecutionListener, org.springframework.test.context.transaction.TransactionalTestExecutionListener, org.springframework.test.context.jdbc.SqlScriptsTestExecutionListener, org.springframework.test.context.event.EventPublishingTestExecutionListener]
20:24:13.866 INFO  [main][SpringBootTestContextBootstrapper.getTestExecutionListeners(AbstractTestContextBootstrapper.java:174)] Using TestExecutionListeners: [org.springframework.test.context.web.ServletTestExecutionListener@3a320ade, org.springframework.test.context.support.DirtiesContextBeforeModesTestExecutionListener@64beebb7, org.springframework.test.context.event.ApplicationEventsTestExecutionListener@7813cb11, org.springframework.boot.test.mock.mockito.MockitoTestExecutionListener@bcec031, org.springframework.boot.test.autoconfigure.SpringBootDependencyInjectionTestExecutionListener@21005f6c, org.springframework.test.context.support.DirtiesContextTestExecutionListener@32f0fba8, org.springframework.test.context.transaction.TransactionalTestExecutionListener@545de5a4, org.springframework.test.context.jdbc.SqlScriptsTestExecutionListener@29ef6856, org.springframework.test.context.event.EventPublishingTestExecutionListener@ab7a938, org.springframework.boot.test.autoconfigure.restdocs.RestDocsTestExecutionListener@3faf2e7d, org.springframework.boot.test.autoconfigure.web.client.MockRestServiceServerResetTestExecutionListener@4648ce9, org.springframework.boot.test.autoconfigure.web.servlet.MockMvcPrintOnlyOnFailureTestExecutionListener@569bf9eb, org.springframework.boot.test.autoconfigure.web.servlet.WebDriverTestExecutionListener@61526469, org.springframework.boot.test.autoconfigure.webservices.client.MockWebServiceServerTestExecutionListener@274872f8, org.springframework.boot.test.mock.mockito.ResetMocksTestExecutionListener@76ba13c]
20:24:14.177 INFO  [main][RestartApplicationListener.onApplicationStartingEvent(RestartApplicationListener.java:74)] Restart disabled due to context in which it is running
20:24:15.185 INFO  [main][UserServiceTest.logStarting(StartupInfoLogger.java:55)] Starting UserServiceTest using Java 17.0.2 on DESKTOP-PE6C67G with PID 10264 (started by asus in C:\Users\asus\Downloads\TeamProjectBackEnd-main\TeamProjectBackEnd-main)
20:24:15.190 INFO  [main][UserServiceTest.logStartupProfileInfo(SpringApplication.java:632)] No active profile set, falling back to 1 default profile: "default"
20:24:17.593 INFO  [main][RepositoryConfigurationDelegate.registerRepositoriesIn(RepositoryConfigurationDelegate.java:132)] Bootstrapping Spring Data JPA repositories in DEFAULT mode.
20:24:17.906 INFO  [main][RepositoryConfigurationDelegate.registerRepositoriesIn(RepositoryConfigurationDelegate.java:201)] Finished Spring Data repository scanning in 285 ms. Found 4 JPA repository interfaces.
20:24:19.718 INFO  [main][HikariDataSource.getConnection(HikariDataSource.java:110)] HikariPool-1 - Starting...
20:24:20.235 INFO  [main][HikariDataSource.getConnection(HikariDataSource.java:123)] HikariPool-1 - Start completed.
20:24:21.027 INFO  [main][LogHelper.logPersistenceUnitInformation(LogHelper.java:31)] HHH000204: Processing PersistenceUnitInfo [name: default]
20:24:21.230 INFO  [main][Version.logVersion(Version.java:44)] HHH000412: Hibernate ORM core version 5.6.15.Final
20:24:21.746 INFO  [main][Version.<clinit>(JavaReflectionManager.java:56)] HCANN000001: Hibernate Commons Annotations {5.1.2.Final}
20:24:22.488 INFO  [main][Dialect.<init>(Dialect.java:175)] HHH000400: Using dialect: org.hibernate.dialect.MySQL8Dialect
20:24:24.403 INFO  [main][JtaPlatformInitiator.initiateService(JtaPlatformInitiator.java:52)] HHH000490: Using JtaPlatform implementation: [org.hibernate.engine.transaction.jta.platform.internal.NoJtaPlatform]
20:24:24.431 INFO  [main][LocalContainerEntityManagerFactoryBean.buildNativeEntityManagerFactory(AbstractEntityManagerFactoryBean.java:437)] Initialized JPA EntityManagerFactory for persistence unit 'default'
20:24:27.890 WARN  [main][JpaBaseConfiguration$JpaWebConfiguration.openEntityManagerInViewInterceptor(JpaBaseConfiguration.java:223)] spring.jpa.open-in-view is enabled by default. Therefore, database queries may be performed during view rendering. Explicitly configure spring.jpa.open-in-view to disable this warning
20:24:30.487 INFO  [main][UserServiceTest.logStarted(StartupInfoLogger.java:61)] Started UserServiceTest in 16.362 seconds (JVM running for 21.354)
20:24:32.263 WARN  [main][SqlExceptionHelper.logExceptions(SqlExceptionHelper.java:137)] SQL Error: 1048, SQLState: 23000
20:24:32.269 ERROR [main][SqlExceptionHelper.logExceptions(SqlExceptionHelper.java:142)] Column 'phone_number' cannot be null
20:24:32.304 ERROR [main][UserServiceImpl.signUp(UserServiceImpl.java:72)] could not execute statement; SQL [n/a]; constraint [null]; nested exception is org.hibernate.exception.ConstraintViolationException: could not execute statement
20:24:32.623 WARN  [main][SqlExceptionHelper.logExceptions(SqlExceptionHelper.java:137)] SQL Error: 1048, SQLState: 23000
20:24:32.625 ERROR [main][SqlExceptionHelper.logExceptions(SqlExceptionHelper.java:142)] Column 'phone_number' cannot be null
20:24:32.628 ERROR [main][UserServiceImpl.signUp(UserServiceImpl.java:72)] could not execute statement; SQL [n/a]; constraint [null]; nested exception is org.hibernate.exception.ConstraintViolationException: could not execute statement
20:24:32.777 INFO  [SpringApplicationShutdownHook][LocalContainerEntityManagerFactoryBean.destroy(AbstractEntityManagerFactoryBean.java:651)] Closing JPA EntityManagerFactory for persistence unit 'default'
20:24:32.811 INFO  [SpringApplicationShutdownHook][HikariDataSource.close(HikariDataSource.java:350)] HikariPool-1 - Shutdown initiated...
20:24:32.950 INFO  [SpringApplicationShutdownHook][HikariDataSource.close(HikariDataSource.java:352)] HikariPool-1 - Shutdown completed.
20:27:59.914 INFO  [File Watcher][LocalDevToolsAutoConfiguration$RestartingClassPathChangeChangedEventListener.onApplicationEvent(LocalDevToolsAutoConfiguration.java:211)] Restarting due to 1 class path change (0 additions, 0 deletions, 1 modification)
20:27:59.952 INFO  [Thread-5][Http11NioProtocol.log(DirectJDKLog.java:173)] Pausing ProtocolHandler ["http-nio-8080"]
20:27:59.952 INFO  [Thread-5][StandardService.log(DirectJDKLog.java:173)] Stopping service [Tomcat]
20:27:59.965 INFO  [Thread-5][Http11NioProtocol.log(DirectJDKLog.java:173)] Stopping ProtocolHandler ["http-nio-8080"]
20:27:59.973 INFO  [Thread-5][Http11NioProtocol.log(DirectJDKLog.java:173)] Destroying ProtocolHandler ["http-nio-8080"]
20:27:59.983 INFO  [Thread-5][LocalContainerEntityManagerFactoryBean.destroy(AbstractEntityManagerFactoryBean.java:651)] Closing JPA EntityManagerFactory for persistence unit 'default'
20:27:59.991 INFO  [Thread-5][HikariDataSource.close(HikariDataSource.java:350)] HikariPool-1 - Shutdown initiated...
20:28:00.024 INFO  [Thread-5][HikariDataSource.close(HikariDataSource.java:352)] HikariPool-1 - Shutdown completed.
20:28:00.615 INFO  [restartedMain][PipiShrimpApplication.logStarting(StartupInfoLogger.java:55)] Starting PipiShrimpApplication using Java 17.0.2 on DESKTOP-PE6C67G with PID 14120 (C:\Users\asus\Downloads\TeamProjectBackEnd-main\TeamProjectBackEnd-main\bin\main started by asus in C:\Users\asus\Downloads\TeamProjectBackEnd-main\TeamProjectBackEnd-main)
20:28:00.619 INFO  [restartedMain][PipiShrimpApplication.logStartupProfileInfo(SpringApplication.java:632)] No active profile set, falling back to 1 default profile: "default"
20:28:01.766 INFO  [restartedMain][RepositoryConfigurationDelegate.registerRepositoriesIn(RepositoryConfigurationDelegate.java:132)] Bootstrapping Spring Data JPA repositories in DEFAULT mode.
20:28:01.846 INFO  [restartedMain][RepositoryConfigurationDelegate.registerRepositoriesIn(RepositoryConfigurationDelegate.java:201)] Finished Spring Data repository scanning in 77 ms. Found 4 JPA repository interfaces.
20:28:02.472 INFO  [restartedMain][TomcatWebServer.initialize(TomcatWebServer.java:108)] Tomcat initialized with port(s): 8080 (http)
20:28:02.475 INFO  [restartedMain][Http11NioProtocol.log(DirectJDKLog.java:173)] Initializing ProtocolHandler ["http-nio-8080"]
20:28:02.475 INFO  [restartedMain][StandardService.log(DirectJDKLog.java:173)] Starting service [Tomcat]
20:28:02.476 INFO  [restartedMain][StandardEngine.log(DirectJDKLog.java:173)] Starting Servlet engine: [Apache Tomcat/9.0.82]
20:28:02.556 INFO  [restartedMain][[/].log(DirectJDKLog.java:173)] Initializing Spring embedded WebApplicationContext
20:28:02.557 INFO  [restartedMain][ServletWebServerApplicationContext.prepareWebApplicationContext(ServletWebServerApplicationContext.java:292)] Root WebApplicationContext: initialization completed in 1928 ms
20:28:02.692 INFO  [restartedMain][HikariDataSource.getConnection(HikariDataSource.java:110)] HikariPool-2 - Starting...
20:28:02.711 INFO  [restartedMain][HikariDataSource.getConnection(HikariDataSource.java:123)] HikariPool-2 - Start completed.
20:28:02.774 INFO  [restartedMain][LogHelper.logPersistenceUnitInformation(LogHelper.java:31)] HHH000204: Processing PersistenceUnitInfo [name: default]
20:28:03.276 INFO  [restartedMain][Dialect.<init>(Dialect.java:175)] HHH000400: Using dialect: org.hibernate.dialect.MySQL8Dialect
20:28:03.847 INFO  [restartedMain][JtaPlatformInitiator.initiateService(JtaPlatformInitiator.java:52)] HHH000490: Using JtaPlatform implementation: [org.hibernate.engine.transaction.jta.platform.internal.NoJtaPlatform]
20:28:03.849 INFO  [restartedMain][LocalContainerEntityManagerFactoryBean.buildNativeEntityManagerFactory(AbstractEntityManagerFactoryBean.java:437)] Initialized JPA EntityManagerFactory for persistence unit 'default'
20:28:04.616 WARN  [restartedMain][JpaBaseConfiguration$JpaWebConfiguration.openEntityManagerInViewInterceptor(JpaBaseConfiguration.java:223)] spring.jpa.open-in-view is enabled by default. Therefore, database queries may be performed during view rendering. Explicitly configure spring.jpa.open-in-view to disable this warning
20:28:05.021 INFO  [restartedMain][OptionalLiveReloadServer.startServer(OptionalLiveReloadServer.java:59)] LiveReload server is running on port 35729
20:28:05.046 INFO  [restartedMain][Http11NioProtocol.log(DirectJDKLog.java:173)] Starting ProtocolHandler ["http-nio-8080"]
20:28:05.058 INFO  [restartedMain][TomcatWebServer.start(TomcatWebServer.java:220)] Tomcat started on port(s): 8080 (http) with context path ''
20:28:05.081 INFO  [restartedMain][PipiShrimpApplication.logStarted(StartupInfoLogger.java:61)] Started PipiShrimpApplication in 4.833 seconds (JVM running for 319.519)
20:28:05.089 INFO  [restartedMain][ConditionEvaluationDeltaLoggingListener.onApplicationEvent(ConditionEvaluationDeltaLoggingListener.java:63)] Condition evaluation unchanged
20:28:06.481 INFO  [File Watcher][LocalDevToolsAutoConfiguration$RestartingClassPathChangeChangedEventListener.onApplicationEvent(LocalDevToolsAutoConfiguration.java:211)] Restarting due to 1 class path change (0 additions, 0 deletions, 1 modification)
20:28:06.507 INFO  [Thread-7][Http11NioProtocol.log(DirectJDKLog.java:173)] Pausing ProtocolHandler ["http-nio-8080"]
20:28:06.507 INFO  [Thread-7][StandardService.log(DirectJDKLog.java:173)] Stopping service [Tomcat]
20:28:06.513 INFO  [Thread-7][Http11NioProtocol.log(DirectJDKLog.java:173)] Stopping ProtocolHandler ["http-nio-8080"]
20:28:06.516 INFO  [Thread-7][Http11NioProtocol.log(DirectJDKLog.java:173)] Destroying ProtocolHandler ["http-nio-8080"]
20:28:06.519 INFO  [Thread-7][LocalContainerEntityManagerFactoryBean.destroy(AbstractEntityManagerFactoryBean.java:651)] Closing JPA EntityManagerFactory for persistence unit 'default'
20:28:06.521 INFO  [Thread-7][HikariDataSource.close(HikariDataSource.java:350)] HikariPool-2 - Shutdown initiated...
20:28:06.531 INFO  [Thread-7][HikariDataSource.close(HikariDataSource.java:352)] HikariPool-2 - Shutdown completed.
20:28:06.753 INFO  [restartedMain][PipiShrimpApplication.logStarting(StartupInfoLogger.java:55)] Starting PipiShrimpApplication using Java 17.0.2 on DESKTOP-PE6C67G with PID 14120 (C:\Users\asus\Downloads\TeamProjectBackEnd-main\TeamProjectBackEnd-main\bin\main started by asus in C:\Users\asus\Downloads\TeamProjectBackEnd-main\TeamProjectBackEnd-main)
20:28:06.773 INFO  [restartedMain][PipiShrimpApplication.logStartupProfileInfo(SpringApplication.java:632)] No active profile set, falling back to 1 default profile: "default"
20:28:07.602 INFO  [restartedMain][RepositoryConfigurationDelegate.registerRepositoriesIn(RepositoryConfigurationDelegate.java:132)] Bootstrapping Spring Data JPA repositories in DEFAULT mode.
20:28:07.941 INFO  [restartedMain][RepositoryConfigurationDelegate.registerRepositoriesIn(RepositoryConfigurationDelegate.java:201)] Finished Spring Data repository scanning in 337 ms. Found 4 JPA repository interfaces.
20:28:08.287 INFO  [restartedMain][TomcatWebServer.initialize(TomcatWebServer.java:108)] Tomcat initialized with port(s): 8080 (http)
20:28:08.290 INFO  [restartedMain][Http11NioProtocol.log(DirectJDKLog.java:173)] Initializing ProtocolHandler ["http-nio-8080"]
20:28:08.291 INFO  [restartedMain][StandardService.log(DirectJDKLog.java:173)] Starting service [Tomcat]
20:28:08.292 INFO  [restartedMain][StandardEngine.log(DirectJDKLog.java:173)] Starting Servlet engine: [Apache Tomcat/9.0.82]
20:28:08.348 INFO  [restartedMain][[/].log(DirectJDKLog.java:173)] Initializing Spring embedded WebApplicationContext
20:28:08.349 INFO  [restartedMain][ServletWebServerApplicationContext.prepareWebApplicationContext(ServletWebServerApplicationContext.java:292)] Root WebApplicationContext: initialization completed in 1558 ms
20:28:08.434 INFO  [restartedMain][HikariDataSource.getConnection(HikariDataSource.java:110)] HikariPool-3 - Starting...
20:28:08.464 INFO  [restartedMain][HikariDataSource.getConnection(HikariDataSource.java:123)] HikariPool-3 - Start completed.
20:28:08.532 INFO  [restartedMain][LogHelper.logPersistenceUnitInformation(LogHelper.java:31)] HHH000204: Processing PersistenceUnitInfo [name: default]
20:28:08.547 INFO  [restartedMain][Dialect.<init>(Dialect.java:175)] HHH000400: Using dialect: org.hibernate.dialect.MySQL8Dialect
20:28:08.940 INFO  [restartedMain][JtaPlatformInitiator.initiateService(JtaPlatformInitiator.java:52)] HHH000490: Using JtaPlatform implementation: [org.hibernate.engine.transaction.jta.platform.internal.NoJtaPlatform]
20:28:08.941 INFO  [restartedMain][LocalContainerEntityManagerFactoryBean.buildNativeEntityManagerFactory(AbstractEntityManagerFactoryBean.java:437)] Initialized JPA EntityManagerFactory for persistence unit 'default'
20:28:09.428 WARN  [restartedMain][JpaBaseConfiguration$JpaWebConfiguration.openEntityManagerInViewInterceptor(JpaBaseConfiguration.java:223)] spring.jpa.open-in-view is enabled by default. Therefore, database queries may be performed during view rendering. Explicitly configure spring.jpa.open-in-view to disable this warning
20:28:09.761 INFO  [restartedMain][OptionalLiveReloadServer.startServer(OptionalLiveReloadServer.java:59)] LiveReload server is running on port 35729
20:28:09.783 INFO  [restartedMain][Http11NioProtocol.log(DirectJDKLog.java:173)] Starting ProtocolHandler ["http-nio-8080"]
20:28:09.790 INFO  [restartedMain][TomcatWebServer.start(TomcatWebServer.java:220)] Tomcat started on port(s): 8080 (http) with context path ''
20:28:09.797 INFO  [restartedMain][PipiShrimpApplication.logStarted(StartupInfoLogger.java:61)] Started PipiShrimpApplication in 3.173 seconds (JVM running for 324.235)
20:28:09.800 INFO  [restartedMain][ConditionEvaluationDeltaLoggingListener.onApplicationEvent(ConditionEvaluationDeltaLoggingListener.java:63)] Condition evaluation unchanged
20:28:36.379 INFO  [main][SpringBootTestContextBootstrapper.buildDefaultMergedContextConfiguration(AbstractTestContextBootstrapper.java:305)] Neither @ContextConfiguration nor @ContextHierarchy found for test class [com.example.PipiShrimp.UserServiceTest], using SpringBootContextLoader
20:28:36.409 INFO  [main][AbstractContextLoader.generateDefaultLocations(AbstractContextLoader.java:264)] Could not detect default resource locations for test class [com.example.PipiShrimp.UserServiceTest]: no resource found for suffixes {-context.xml, Context.groovy}.
20:28:36.411 INFO  [main][AnnotationConfigContextLoaderUtils.detectDefaultConfigurationClasses(AnnotationConfigContextLoaderUtils.java:83)] Could not detect default configuration classes for test class [com.example.PipiShrimp.UserServiceTest]: UserServiceTest does not declare any static, non-private, non-final, nested classes annotated with @Configuration.
20:28:36.893 INFO  [main][SpringBootTestContextBootstrapper.getOrFindConfigurationClasses(SpringBootTestContextBootstrapper.java:239)] Found @SpringBootConfiguration com.example.PipiShrimp.PipiShrimpApplication for test class com.example.PipiShrimp.UserServiceTest
20:28:37.155 INFO  [main][SpringBootTestContextBootstrapper.getDefaultTestExecutionListenerClassNames(AbstractTestContextBootstrapper.java:245)] Loaded default TestExecutionListener class names from location [META-INF/spring.factories]: [org.springframework.boot.test.autoconfigure.restdocs.RestDocsTestExecutionListener, org.springframework.boot.test.autoconfigure.web.client.MockRestServiceServerResetTestExecutionListener, org.springframework.boot.test.autoconfigure.web.servlet.MockMvcPrintOnlyOnFailureTestExecutionListener, org.springframework.boot.test.autoconfigure.web.servlet.WebDriverTestExecutionListener, org.springframework.boot.test.autoconfigure.webservices.client.MockWebServiceServerTestExecutionListener, org.springframework.boot.test.mock.mockito.MockitoTestExecutionListener, org.springframework.boot.test.mock.mockito.ResetMocksTestExecutionListener, org.springframework.test.context.web.ServletTestExecutionListener, org.springframework.test.context.support.DirtiesContextBeforeModesTestExecutionListener, org.springframework.test.context.event.ApplicationEventsTestExecutionListener, org.springframework.test.context.support.DependencyInjectionTestExecutionListener, org.springframework.test.context.support.DirtiesContextTestExecutionListener, org.springframework.test.context.transaction.TransactionalTestExecutionListener, org.springframework.test.context.jdbc.SqlScriptsTestExecutionListener, org.springframework.test.context.event.EventPublishingTestExecutionListener]
20:28:37.227 INFO  [main][SpringBootTestContextBootstrapper.getTestExecutionListeners(AbstractTestContextBootstrapper.java:174)] Using TestExecutionListeners: [org.springframework.test.context.web.ServletTestExecutionListener@3a320ade, org.springframework.test.context.support.DirtiesContextBeforeModesTestExecutionListener@64beebb7, org.springframework.test.context.event.ApplicationEventsTestExecutionListener@7813cb11, org.springframework.boot.test.mock.mockito.MockitoTestExecutionListener@bcec031, org.springframework.boot.test.autoconfigure.SpringBootDependencyInjectionTestExecutionListener@21005f6c, org.springframework.test.context.support.DirtiesContextTestExecutionListener@32f0fba8, org.springframework.test.context.transaction.TransactionalTestExecutionListener@545de5a4, org.springframework.test.context.jdbc.SqlScriptsTestExecutionListener@29ef6856, org.springframework.test.context.event.EventPublishingTestExecutionListener@ab7a938, org.springframework.boot.test.autoconfigure.restdocs.RestDocsTestExecutionListener@3faf2e7d, org.springframework.boot.test.autoconfigure.web.client.MockRestServiceServerResetTestExecutionListener@4648ce9, org.springframework.boot.test.autoconfigure.web.servlet.MockMvcPrintOnlyOnFailureTestExecutionListener@569bf9eb, org.springframework.boot.test.autoconfigure.web.servlet.WebDriverTestExecutionListener@61526469, org.springframework.boot.test.autoconfigure.webservices.client.MockWebServiceServerTestExecutionListener@274872f8, org.springframework.boot.test.mock.mockito.ResetMocksTestExecutionListener@76ba13c]
20:28:37.399 INFO  [main][RestartApplicationListener.onApplicationStartingEvent(RestartApplicationListener.java:74)] Restart disabled due to context in which it is running
20:28:38.553 INFO  [main][UserServiceTest.logStarting(StartupInfoLogger.java:55)] Starting UserServiceTest using Java 17.0.2 on DESKTOP-PE6C67G with PID 5564 (started by asus in C:\Users\asus\Downloads\TeamProjectBackEnd-main\TeamProjectBackEnd-main)
20:28:38.559 INFO  [main][UserServiceTest.logStartupProfileInfo(SpringApplication.java:632)] No active profile set, falling back to 1 default profile: "default"
20:28:40.891 INFO  [main][RepositoryConfigurationDelegate.registerRepositoriesIn(RepositoryConfigurationDelegate.java:132)] Bootstrapping Spring Data JPA repositories in DEFAULT mode.
20:28:41.099 INFO  [main][RepositoryConfigurationDelegate.registerRepositoriesIn(RepositoryConfigurationDelegate.java:201)] Finished Spring Data repository scanning in 185 ms. Found 4 JPA repository interfaces.
20:28:42.684 INFO  [main][HikariDataSource.getConnection(HikariDataSource.java:110)] HikariPool-1 - Starting...
20:28:43.241 INFO  [main][HikariDataSource.getConnection(HikariDataSource.java:123)] HikariPool-1 - Start completed.
20:28:43.934 INFO  [main][LogHelper.logPersistenceUnitInformation(LogHelper.java:31)] HHH000204: Processing PersistenceUnitInfo [name: default]
20:28:44.088 INFO  [main][Version.logVersion(Version.java:44)] HHH000412: Hibernate ORM core version 5.6.15.Final
20:28:44.690 INFO  [main][Version.<clinit>(JavaReflectionManager.java:56)] HCANN000001: Hibernate Commons Annotations {5.1.2.Final}
20:28:45.432 INFO  [main][Dialect.<init>(Dialect.java:175)] HHH000400: Using dialect: org.hibernate.dialect.MySQL8Dialect
20:28:47.078 INFO  [main][JtaPlatformInitiator.initiateService(JtaPlatformInitiator.java:52)] HHH000490: Using JtaPlatform implementation: [org.hibernate.engine.transaction.jta.platform.internal.NoJtaPlatform]
20:28:47.106 INFO  [main][LocalContainerEntityManagerFactoryBean.buildNativeEntityManagerFactory(AbstractEntityManagerFactoryBean.java:437)] Initialized JPA EntityManagerFactory for persistence unit 'default'
20:28:50.415 WARN  [main][JpaBaseConfiguration$JpaWebConfiguration.openEntityManagerInViewInterceptor(JpaBaseConfiguration.java:223)] spring.jpa.open-in-view is enabled by default. Therefore, database queries may be performed during view rendering. Explicitly configure spring.jpa.open-in-view to disable this warning
20:28:52.714 INFO  [main][UserServiceTest.logStarted(StartupInfoLogger.java:61)] Started UserServiceTest in 15.362 seconds (JVM running for 18.985)
20:28:54.405 INFO  [SpringApplicationShutdownHook][LocalContainerEntityManagerFactoryBean.destroy(AbstractEntityManagerFactoryBean.java:651)] Closing JPA EntityManagerFactory for persistence unit 'default'
20:28:54.466 INFO  [SpringApplicationShutdownHook][HikariDataSource.close(HikariDataSource.java:350)] HikariPool-1 - Shutdown initiated...
20:28:54.791 INFO  [SpringApplicationShutdownHook][HikariDataSource.close(HikariDataSource.java:352)] HikariPool-1 - Shutdown completed.
20:29:18.697 INFO  [main][SpringBootTestContextBootstrapper.buildDefaultMergedContextConfiguration(AbstractTestContextBootstrapper.java:305)] Neither @ContextConfiguration nor @ContextHierarchy found for test class [com.example.PipiShrimp.UserServiceTest], using SpringBootContextLoader
20:29:18.737 INFO  [main][AbstractContextLoader.generateDefaultLocations(AbstractContextLoader.java:264)] Could not detect default resource locations for test class [com.example.PipiShrimp.UserServiceTest]: no resource found for suffixes {-context.xml, Context.groovy}.
20:29:18.740 INFO  [main][AnnotationConfigContextLoaderUtils.detectDefaultConfigurationClasses(AnnotationConfigContextLoaderUtils.java:83)] Could not detect default configuration classes for test class [com.example.PipiShrimp.UserServiceTest]: UserServiceTest does not declare any static, non-private, non-final, nested classes annotated with @Configuration.
20:29:19.123 INFO  [main][SpringBootTestContextBootstrapper.getOrFindConfigurationClasses(SpringBootTestContextBootstrapper.java:239)] Found @SpringBootConfiguration com.example.PipiShrimp.PipiShrimpApplication for test class com.example.PipiShrimp.UserServiceTest
20:29:19.551 INFO  [main][SpringBootTestContextBootstrapper.getDefaultTestExecutionListenerClassNames(AbstractTestContextBootstrapper.java:245)] Loaded default TestExecutionListener class names from location [META-INF/spring.factories]: [org.springframework.boot.test.autoconfigure.restdocs.RestDocsTestExecutionListener, org.springframework.boot.test.autoconfigure.web.client.MockRestServiceServerResetTestExecutionListener, org.springframework.boot.test.autoconfigure.web.servlet.MockMvcPrintOnlyOnFailureTestExecutionListener, org.springframework.boot.test.autoconfigure.web.servlet.WebDriverTestExecutionListener, org.springframework.boot.test.autoconfigure.webservices.client.MockWebServiceServerTestExecutionListener, org.springframework.boot.test.mock.mockito.MockitoTestExecutionListener, org.springframework.boot.test.mock.mockito.ResetMocksTestExecutionListener, org.springframework.test.context.web.ServletTestExecutionListener, org.springframework.test.context.support.DirtiesContextBeforeModesTestExecutionListener, org.springframework.test.context.event.ApplicationEventsTestExecutionListener, org.springframework.test.context.support.DependencyInjectionTestExecutionListener, org.springframework.test.context.support.DirtiesContextTestExecutionListener, org.springframework.test.context.transaction.TransactionalTestExecutionListener, org.springframework.test.context.jdbc.SqlScriptsTestExecutionListener, org.springframework.test.context.event.EventPublishingTestExecutionListener]
20:29:19.644 INFO  [main][SpringBootTestContextBootstrapper.getTestExecutionListeners(AbstractTestContextBootstrapper.java:174)] Using TestExecutionListeners: [org.springframework.test.context.web.ServletTestExecutionListener@3a320ade, org.springframework.test.context.support.DirtiesContextBeforeModesTestExecutionListener@64beebb7, org.springframework.test.context.event.ApplicationEventsTestExecutionListener@7813cb11, org.springframework.boot.test.mock.mockito.MockitoTestExecutionListener@bcec031, org.springframework.boot.test.autoconfigure.SpringBootDependencyInjectionTestExecutionListener@21005f6c, org.springframework.test.context.support.DirtiesContextTestExecutionListener@32f0fba8, org.springframework.test.context.transaction.TransactionalTestExecutionListener@545de5a4, org.springframework.test.context.jdbc.SqlScriptsTestExecutionListener@29ef6856, org.springframework.test.context.event.EventPublishingTestExecutionListener@ab7a938, org.springframework.boot.test.autoconfigure.restdocs.RestDocsTestExecutionListener@3faf2e7d, org.springframework.boot.test.autoconfigure.web.client.MockRestServiceServerResetTestExecutionListener@4648ce9, org.springframework.boot.test.autoconfigure.web.servlet.MockMvcPrintOnlyOnFailureTestExecutionListener@569bf9eb, org.springframework.boot.test.autoconfigure.web.servlet.WebDriverTestExecutionListener@61526469, org.springframework.boot.test.autoconfigure.webservices.client.MockWebServiceServerTestExecutionListener@274872f8, org.springframework.boot.test.mock.mockito.ResetMocksTestExecutionListener@76ba13c]
20:29:19.849 INFO  [main][RestartApplicationListener.onApplicationStartingEvent(RestartApplicationListener.java:74)] Restart disabled due to context in which it is running
20:29:21.014 INFO  [main][UserServiceTest.logStarting(StartupInfoLogger.java:55)] Starting UserServiceTest using Java 17.0.2 on DESKTOP-PE6C67G with PID 14892 (started by asus in C:\Users\asus\Downloads\TeamProjectBackEnd-main\TeamProjectBackEnd-main)
20:29:21.024 INFO  [main][UserServiceTest.logStartupProfileInfo(SpringApplication.java:632)] No active profile set, falling back to 1 default profile: "default"
20:29:24.173 INFO  [main][RepositoryConfigurationDelegate.registerRepositoriesIn(RepositoryConfigurationDelegate.java:132)] Bootstrapping Spring Data JPA repositories in DEFAULT mode.
20:29:24.556 INFO  [main][RepositoryConfigurationDelegate.registerRepositoriesIn(RepositoryConfigurationDelegate.java:201)] Finished Spring Data repository scanning in 314 ms. Found 4 JPA repository interfaces.
20:29:26.663 INFO  [main][HikariDataSource.getConnection(HikariDataSource.java:110)] HikariPool-1 - Starting...
20:29:27.276 INFO  [main][HikariDataSource.getConnection(HikariDataSource.java:123)] HikariPool-1 - Start completed.
20:29:27.952 INFO  [main][LogHelper.logPersistenceUnitInformation(LogHelper.java:31)] HHH000204: Processing PersistenceUnitInfo [name: default]
20:29:28.155 INFO  [main][Version.logVersion(Version.java:44)] HHH000412: Hibernate ORM core version 5.6.15.Final
20:29:28.721 INFO  [main][Version.<clinit>(JavaReflectionManager.java:56)] HCANN000001: Hibernate Commons Annotations {5.1.2.Final}
20:29:29.247 INFO  [main][Dialect.<init>(Dialect.java:175)] HHH000400: Using dialect: org.hibernate.dialect.MySQL8Dialect
20:29:30.988 INFO  [main][JtaPlatformInitiator.initiateService(JtaPlatformInitiator.java:52)] HHH000490: Using JtaPlatform implementation: [org.hibernate.engine.transaction.jta.platform.internal.NoJtaPlatform]
20:29:31.160 INFO  [main][LocalContainerEntityManagerFactoryBean.buildNativeEntityManagerFactory(AbstractEntityManagerFactoryBean.java:437)] Initialized JPA EntityManagerFactory for persistence unit 'default'
20:29:34.988 WARN  [main][JpaBaseConfiguration$JpaWebConfiguration.openEntityManagerInViewInterceptor(JpaBaseConfiguration.java:223)] spring.jpa.open-in-view is enabled by default. Therefore, database queries may be performed during view rendering. Explicitly configure spring.jpa.open-in-view to disable this warning
20:29:39.180 INFO  [main][UserServiceTest.logStarted(StartupInfoLogger.java:61)] Started UserServiceTest in 19.363 seconds (JVM running for 23.116)
20:29:41.368 WARN  [main][SqlExceptionHelper.logExceptions(SqlExceptionHelper.java:137)] SQL Error: 1048, SQLState: 23000
20:29:41.370 ERROR [main][SqlExceptionHelper.logExceptions(SqlExceptionHelper.java:142)] Column 'phone_number' cannot be null
20:29:41.410 ERROR [main][UserServiceImpl.signUp(UserServiceImpl.java:72)] could not execute statement; SQL [n/a]; constraint [null]; nested exception is org.hibernate.exception.ConstraintViolationException: could not execute statement
20:29:41.620 WARN  [main][SqlExceptionHelper.logExceptions(SqlExceptionHelper.java:137)] SQL Error: 1048, SQLState: 23000
20:29:41.621 ERROR [main][SqlExceptionHelper.logExceptions(SqlExceptionHelper.java:142)] Column 'phone_number' cannot be null
20:29:41.628 ERROR [main][UserServiceImpl.signUp(UserServiceImpl.java:72)] could not execute statement; SQL [n/a]; constraint [null]; nested exception is org.hibernate.exception.ConstraintViolationException: could not execute statement
20:29:41.888 INFO  [SpringApplicationShutdownHook][LocalContainerEntityManagerFactoryBean.destroy(AbstractEntityManagerFactoryBean.java:651)] Closing JPA EntityManagerFactory for persistence unit 'default'
20:29:41.899 INFO  [SpringApplicationShutdownHook][HikariDataSource.close(HikariDataSource.java:350)] HikariPool-1 - Shutdown initiated...
20:29:41.935 INFO  [SpringApplicationShutdownHook][HikariDataSource.close(HikariDataSource.java:352)] HikariPool-1 - Shutdown completed.
20:51:50.253 INFO  [File Watcher][LocalDevToolsAutoConfiguration$RestartingClassPathChangeChangedEventListener.onApplicationEvent(LocalDevToolsAutoConfiguration.java:211)] Restarting due to 1 class path change (0 additions, 0 deletions, 1 modification)
20:51:50.271 INFO  [Thread-11][Http11NioProtocol.log(DirectJDKLog.java:173)] Pausing ProtocolHandler ["http-nio-8080"]
20:51:50.273 INFO  [Thread-11][StandardService.log(DirectJDKLog.java:173)] Stopping service [Tomcat]
20:51:50.277 INFO  [Thread-11][Http11NioProtocol.log(DirectJDKLog.java:173)] Stopping ProtocolHandler ["http-nio-8080"]
20:51:50.280 INFO  [Thread-11][Http11NioProtocol.log(DirectJDKLog.java:173)] Destroying ProtocolHandler ["http-nio-8080"]
20:51:50.283 INFO  [Thread-11][LocalContainerEntityManagerFactoryBean.destroy(AbstractEntityManagerFactoryBean.java:651)] Closing JPA EntityManagerFactory for persistence unit 'default'
20:51:50.285 INFO  [Thread-11][HikariDataSource.close(HikariDataSource.java:350)] HikariPool-3 - Shutdown initiated...
20:51:50.291 INFO  [Thread-11][HikariDataSource.close(HikariDataSource.java:352)] HikariPool-3 - Shutdown completed.
20:51:50.762 INFO  [restartedMain][PipiShrimpApplication.logStarting(StartupInfoLogger.java:55)] Starting PipiShrimpApplication using Java 17.0.2 on DESKTOP-PE6C67G with PID 14120 (C:\Users\asus\Downloads\TeamProjectBackEnd-main\TeamProjectBackEnd-main\bin\main started by asus in C:\Users\asus\Downloads\TeamProjectBackEnd-main\TeamProjectBackEnd-main)
20:51:50.763 INFO  [restartedMain][PipiShrimpApplication.logStartupProfileInfo(SpringApplication.java:632)] No active profile set, falling back to 1 default profile: "default"
20:51:51.380 INFO  [restartedMain][RepositoryConfigurationDelegate.registerRepositoriesIn(RepositoryConfigurationDelegate.java:132)] Bootstrapping Spring Data JPA repositories in DEFAULT mode.
20:51:51.491 INFO  [restartedMain][RepositoryConfigurationDelegate.registerRepositoriesIn(RepositoryConfigurationDelegate.java:201)] Finished Spring Data repository scanning in 109 ms. Found 4 JPA repository interfaces.
20:51:51.796 INFO  [restartedMain][TomcatWebServer.initialize(TomcatWebServer.java:108)] Tomcat initialized with port(s): 8080 (http)
20:51:51.801 INFO  [restartedMain][Http11NioProtocol.log(DirectJDKLog.java:173)] Initializing ProtocolHandler ["http-nio-8080"]
20:51:51.802 INFO  [restartedMain][StandardService.log(DirectJDKLog.java:173)] Starting service [Tomcat]
20:51:51.802 INFO  [restartedMain][StandardEngine.log(DirectJDKLog.java:173)] Starting Servlet engine: [Apache Tomcat/9.0.82]
20:51:51.846 INFO  [restartedMain][[/].log(DirectJDKLog.java:173)] Initializing Spring embedded WebApplicationContext
20:51:51.848 INFO  [restartedMain][ServletWebServerApplicationContext.prepareWebApplicationContext(ServletWebServerApplicationContext.java:292)] Root WebApplicationContext: initialization completed in 1080 ms
20:51:51.894 INFO  [restartedMain][HikariDataSource.getConnection(HikariDataSource.java:110)] HikariPool-4 - Starting...
20:51:51.922 INFO  [restartedMain][HikariDataSource.getConnection(HikariDataSource.java:123)] HikariPool-4 - Start completed.
20:51:51.985 INFO  [restartedMain][LogHelper.logPersistenceUnitInformation(LogHelper.java:31)] HHH000204: Processing PersistenceUnitInfo [name: default]
20:51:52.035 INFO  [restartedMain][Dialect.<init>(Dialect.java:175)] HHH000400: Using dialect: org.hibernate.dialect.MySQL8Dialect
20:51:52.339 INFO  [restartedMain][JtaPlatformInitiator.initiateService(JtaPlatformInitiator.java:52)] HHH000490: Using JtaPlatform implementation: [org.hibernate.engine.transaction.jta.platform.internal.NoJtaPlatform]
20:51:52.342 INFO  [restartedMain][LocalContainerEntityManagerFactoryBean.buildNativeEntityManagerFactory(AbstractEntityManagerFactoryBean.java:437)] Initialized JPA EntityManagerFactory for persistence unit 'default'
20:51:52.872 WARN  [restartedMain][JpaBaseConfiguration$JpaWebConfiguration.openEntityManagerInViewInterceptor(JpaBaseConfiguration.java:223)] spring.jpa.open-in-view is enabled by default. Therefore, database queries may be performed during view rendering. Explicitly configure spring.jpa.open-in-view to disable this warning
20:51:53.075 INFO  [restartedMain][OptionalLiveReloadServer.startServer(OptionalLiveReloadServer.java:59)] LiveReload server is running on port 35729
20:51:53.087 INFO  [restartedMain][Http11NioProtocol.log(DirectJDKLog.java:173)] Starting ProtocolHandler ["http-nio-8080"]
20:51:53.100 INFO  [restartedMain][TomcatWebServer.start(TomcatWebServer.java:220)] Tomcat started on port(s): 8080 (http) with context path ''
20:51:53.114 INFO  [restartedMain][PipiShrimpApplication.logStarted(StartupInfoLogger.java:61)] Started PipiShrimpApplication in 2.733 seconds (JVM running for 1747.552)
20:51:53.117 INFO  [restartedMain][ConditionEvaluationDeltaLoggingListener.onApplicationEvent(ConditionEvaluationDeltaLoggingListener.java:63)] Condition evaluation unchanged
21:17:13.689 WARN  [HikariPool-4 housekeeper][HikariPool.run(HikariPool.java:788)] HikariPool-4 - Thread starvation or clock leap detected (housekeeper delta=6m21s300ms645µs700ns).
21:20:51.106 INFO  [File Watcher][LocalDevToolsAutoConfiguration$RestartingClassPathChangeChangedEventListener.onApplicationEvent(LocalDevToolsAutoConfiguration.java:211)] Restarting due to 1 class path change (0 additions, 0 deletions, 1 modification)
21:20:51.128 INFO  [Thread-15][Http11NioProtocol.log(DirectJDKLog.java:173)] Pausing ProtocolHandler ["http-nio-8080"]
21:20:51.129 INFO  [Thread-15][StandardService.log(DirectJDKLog.java:173)] Stopping service [Tomcat]
21:20:51.139 INFO  [Thread-15][Http11NioProtocol.log(DirectJDKLog.java:173)] Stopping ProtocolHandler ["http-nio-8080"]
21:20:51.144 INFO  [Thread-15][Http11NioProtocol.log(DirectJDKLog.java:173)] Destroying ProtocolHandler ["http-nio-8080"]
21:20:51.149 INFO  [Thread-15][LocalContainerEntityManagerFactoryBean.destroy(AbstractEntityManagerFactoryBean.java:651)] Closing JPA EntityManagerFactory for persistence unit 'default'
21:20:51.151 INFO  [Thread-15][HikariDataSource.close(HikariDataSource.java:350)] HikariPool-4 - Shutdown initiated...
21:20:51.179 INFO  [Thread-15][HikariDataSource.close(HikariDataSource.java:352)] HikariPool-4 - Shutdown completed.
21:20:51.413 INFO  [restartedMain][PipiShrimpApplication.logStarting(StartupInfoLogger.java:55)] Starting PipiShrimpApplication using Java 17.0.2 on DESKTOP-PE6C67G with PID 14120 (C:\Users\asus\Downloads\TeamProjectBackEnd-main\TeamProjectBackEnd-main\bin\main started by asus in C:\Users\asus\Downloads\TeamProjectBackEnd-main\TeamProjectBackEnd-main)
21:20:51.415 INFO  [restartedMain][PipiShrimpApplication.logStartupProfileInfo(SpringApplication.java:632)] No active profile set, falling back to 1 default profile: "default"
21:20:52.486 INFO  [restartedMain][RepositoryConfigurationDelegate.registerRepositoriesIn(RepositoryConfigurationDelegate.java:132)] Bootstrapping Spring Data JPA repositories in DEFAULT mode.
21:20:52.616 INFO  [restartedMain][RepositoryConfigurationDelegate.registerRepositoriesIn(RepositoryConfigurationDelegate.java:201)] Finished Spring Data repository scanning in 128 ms. Found 4 JPA repository interfaces.
21:20:53.702 INFO  [restartedMain][TomcatWebServer.initialize(TomcatWebServer.java:108)] Tomcat initialized with port(s): 8080 (http)
21:20:53.703 INFO  [restartedMain][Http11NioProtocol.log(DirectJDKLog.java:173)] Initializing ProtocolHandler ["http-nio-8080"]
21:20:53.704 INFO  [restartedMain][StandardService.log(DirectJDKLog.java:173)] Starting service [Tomcat]
21:20:53.706 INFO  [restartedMain][StandardEngine.log(DirectJDKLog.java:173)] Starting Servlet engine: [Apache Tomcat/9.0.82]
21:20:54.300 INFO  [restartedMain][[/].log(DirectJDKLog.java:173)] Initializing Spring embedded WebApplicationContext
21:20:54.319 INFO  [restartedMain][ServletWebServerApplicationContext.prepareWebApplicationContext(ServletWebServerApplicationContext.java:292)] Root WebApplicationContext: initialization completed in 2886 ms
21:20:54.627 INFO  [restartedMain][HikariDataSource.getConnection(HikariDataSource.java:110)] HikariPool-5 - Starting...
21:20:54.642 INFO  [restartedMain][HikariDataSource.getConnection(HikariDataSource.java:123)] HikariPool-5 - Start completed.
21:20:54.763 INFO  [restartedMain][LogHelper.logPersistenceUnitInformation(LogHelper.java:31)] HHH000204: Processing PersistenceUnitInfo [name: default]
21:20:54.793 INFO  [restartedMain][Dialect.<init>(Dialect.java:175)] HHH000400: Using dialect: org.hibernate.dialect.MySQL8Dialect
21:20:55.383 INFO  [restartedMain][JtaPlatformInitiator.initiateService(JtaPlatformInitiator.java:52)] HHH000490: Using JtaPlatform implementation: [org.hibernate.engine.transaction.jta.platform.internal.NoJtaPlatform]
21:20:55.393 INFO  [restartedMain][LocalContainerEntityManagerFactoryBean.buildNativeEntityManagerFactory(AbstractEntityManagerFactoryBean.java:437)] Initialized JPA EntityManagerFactory for persistence unit 'default'
21:20:56.347 WARN  [restartedMain][JpaBaseConfiguration$JpaWebConfiguration.openEntityManagerInViewInterceptor(JpaBaseConfiguration.java:223)] spring.jpa.open-in-view is enabled by default. Therefore, database queries may be performed during view rendering. Explicitly configure spring.jpa.open-in-view to disable this warning
21:20:56.788 INFO  [restartedMain][OptionalLiveReloadServer.startServer(OptionalLiveReloadServer.java:59)] LiveReload server is running on port 35729
21:20:56.818 INFO  [restartedMain][Http11NioProtocol.log(DirectJDKLog.java:173)] Starting ProtocolHandler ["http-nio-8080"]
21:20:56.828 INFO  [restartedMain][TomcatWebServer.start(TomcatWebServer.java:220)] Tomcat started on port(s): 8080 (http) with context path ''
21:20:56.838 INFO  [restartedMain][PipiShrimpApplication.logStarted(StartupInfoLogger.java:61)] Started PipiShrimpApplication in 5.557 seconds (JVM running for 3491.284)
21:20:56.838 INFO  [restartedMain][ConditionEvaluationDeltaLoggingListener.onApplicationEvent(ConditionEvaluationDeltaLoggingListener.java:63)] Condition evaluation unchanged
22:32:22.437 INFO  [File Watcher][LocalDevToolsAutoConfiguration$RestartingClassPathChangeChangedEventListener.onApplicationEvent(LocalDevToolsAutoConfiguration.java:211)] Restarting due to 1 class path change (0 additions, 0 deletions, 1 modification)
22:32:22.474 INFO  [Thread-19][Http11NioProtocol.log(DirectJDKLog.java:173)] Pausing ProtocolHandler ["http-nio-8080"]
22:32:22.474 INFO  [Thread-19][StandardService.log(DirectJDKLog.java:173)] Stopping service [Tomcat]
22:32:22.484 INFO  [Thread-19][Http11NioProtocol.log(DirectJDKLog.java:173)] Stopping ProtocolHandler ["http-nio-8080"]
22:32:22.493 INFO  [Thread-19][Http11NioProtocol.log(DirectJDKLog.java:173)] Destroying ProtocolHandler ["http-nio-8080"]
22:32:22.499 INFO  [Thread-19][LocalContainerEntityManagerFactoryBean.destroy(AbstractEntityManagerFactoryBean.java:651)] Closing JPA EntityManagerFactory for persistence unit 'default'
22:32:22.505 INFO  [Thread-19][HikariDataSource.close(HikariDataSource.java:350)] HikariPool-5 - Shutdown initiated...
22:32:22.512 INFO  [Thread-19][HikariDataSource.close(HikariDataSource.java:352)] HikariPool-5 - Shutdown completed.
22:32:22.794 INFO  [restartedMain][PipiShrimpApplication.logStarting(StartupInfoLogger.java:55)] Starting PipiShrimpApplication using Java 17.0.2 on DESKTOP-PE6C67G with PID 14120 (C:\Users\asus\Downloads\TeamProjectBackEnd-main\TeamProjectBackEnd-main\bin\main started by asus in C:\Users\asus\Downloads\TeamProjectBackEnd-main\TeamProjectBackEnd-main)
22:32:22.796 INFO  [restartedMain][PipiShrimpApplication.logStartupProfileInfo(SpringApplication.java:632)] No active profile set, falling back to 1 default profile: "default"
22:32:23.574 INFO  [restartedMain][RepositoryConfigurationDelegate.registerRepositoriesIn(RepositoryConfigurationDelegate.java:132)] Bootstrapping Spring Data JPA repositories in DEFAULT mode.
22:32:23.641 INFO  [restartedMain][RepositoryConfigurationDelegate.registerRepositoriesIn(RepositoryConfigurationDelegate.java:201)] Finished Spring Data repository scanning in 65 ms. Found 4 JPA repository interfaces.
22:32:24.159 INFO  [restartedMain][TomcatWebServer.initialize(TomcatWebServer.java:108)] Tomcat initialized with port(s): 8080 (http)
22:32:24.160 INFO  [restartedMain][Http11NioProtocol.log(DirectJDKLog.java:173)] Initializing ProtocolHandler ["http-nio-8080"]
22:32:24.169 INFO  [restartedMain][StandardService.log(DirectJDKLog.java:173)] Starting service [Tomcat]
22:32:24.170 INFO  [restartedMain][StandardEngine.log(DirectJDKLog.java:173)] Starting Servlet engine: [Apache Tomcat/9.0.82]
22:32:24.247 INFO  [restartedMain][[/].log(DirectJDKLog.java:173)] Initializing Spring embedded WebApplicationContext
22:32:24.248 INFO  [restartedMain][ServletWebServerApplicationContext.prepareWebApplicationContext(ServletWebServerApplicationContext.java:292)] Root WebApplicationContext: initialization completed in 1439 ms
22:32:24.304 INFO  [restartedMain][HikariDataSource.getConnection(HikariDataSource.java:110)] HikariPool-6 - Starting...
22:32:24.320 INFO  [restartedMain][HikariDataSource.getConnection(HikariDataSource.java:123)] HikariPool-6 - Start completed.
22:32:24.385 INFO  [restartedMain][LogHelper.logPersistenceUnitInformation(LogHelper.java:31)] HHH000204: Processing PersistenceUnitInfo [name: default]
22:32:24.399 INFO  [restartedMain][Dialect.<init>(Dialect.java:175)] HHH000400: Using dialect: org.hibernate.dialect.MySQL8Dialect
22:32:24.572 INFO  [restartedMain][JtaPlatformInitiator.initiateService(JtaPlatformInitiator.java:52)] HHH000490: Using JtaPlatform implementation: [org.hibernate.engine.transaction.jta.platform.internal.NoJtaPlatform]
22:32:24.573 INFO  [restartedMain][LocalContainerEntityManagerFactoryBean.buildNativeEntityManagerFactory(AbstractEntityManagerFactoryBean.java:437)] Initialized JPA EntityManagerFactory for persistence unit 'default'
22:32:25.143 WARN  [restartedMain][JpaBaseConfiguration$JpaWebConfiguration.openEntityManagerInViewInterceptor(JpaBaseConfiguration.java:223)] spring.jpa.open-in-view is enabled by default. Therefore, database queries may be performed during view rendering. Explicitly configure spring.jpa.open-in-view to disable this warning
22:32:25.687 INFO  [restartedMain][OptionalLiveReloadServer.startServer(OptionalLiveReloadServer.java:59)] LiveReload server is running on port 35729
22:32:25.700 INFO  [restartedMain][Http11NioProtocol.log(DirectJDKLog.java:173)] Starting ProtocolHandler ["http-nio-8080"]
22:32:25.709 INFO  [restartedMain][TomcatWebServer.start(TomcatWebServer.java:220)] Tomcat started on port(s): 8080 (http) with context path ''
22:32:25.715 INFO  [restartedMain][PipiShrimpApplication.logStarted(StartupInfoLogger.java:61)] Started PipiShrimpApplication in 3.065 seconds (JVM running for 7780.162)
22:32:25.721 INFO  [restartedMain][ConditionEvaluationDeltaLoggingListener.onApplicationEvent(ConditionEvaluationDeltaLoggingListener.java:63)] Condition evaluation unchanged
