00:19:25.609 WARN  [http-nio-8080-exec-7][SessionIdGeneratorBase.log(DirectJDKLog.java:173)] Creation of SecureRandom instance for session ID generation using [SHA1PRNG] took [120] milliseconds.
00:19:25.696 INFO  [http-nio-8080-exec-7][UserServiceImpl.login(UserServiceImpl.java:94)] login successful
00:19:44.736 WARN  [http-nio-8080-exec-10][SqlExceptionHelper.logExceptions(SqlExceptionHelper.java:137)] SQL Error: 1406, SQLState: 22001
00:19:44.736 ERROR [http-nio-8080-exec-10][SqlExceptionHelper.logExceptions(SqlExceptionHelper.java:142)] Data truncation: Data too long for column 'product_name' at row 1
00:19:44.743 ERROR [http-nio-8080-exec-10][CartServiceImpl.create(CartServiceImpl.java:45)] could not execute statement; SQL [n/a]; nested exception is org.hibernate.exception.DataException: could not execute statement
00:20:02.127 WARN  [http-nio-8080-exec-7][SqlExceptionHelper.logExceptions(SqlExceptionHelper.java:137)] SQL Error: 1406, SQLState: 22001
00:20:02.128 ERROR [http-nio-8080-exec-7][SqlExceptionHelper.logExceptions(SqlExceptionHelper.java:142)] Data truncation: Data too long for column 'product_name' at row 1
00:20:02.129 ERROR [http-nio-8080-exec-7][CartServiceImpl.create(CartServiceImpl.java:45)] could not execute statement; SQL [n/a]; nested exception is org.hibernate.exception.DataException: could not execute statement
00:20:23.959 WARN  [http-nio-8080-exec-10][SqlExceptionHelper.logExceptions(SqlExceptionHelper.java:137)] SQL Error: 1406, SQLState: 22001
00:20:23.959 ERROR [http-nio-8080-exec-10][SqlExceptionHelper.logExceptions(SqlExceptionHelper.java:142)] Data truncation: Data too long for column 'product_name' at row 1
00:20:23.960 ERROR [http-nio-8080-exec-10][CartServiceImpl.create(CartServiceImpl.java:45)] could not execute statement; SQL [n/a]; nested exception is org.hibernate.exception.DataException: could not execute statement
09:06:10.816 WARN  [HikariPool-1 housekeeper][HikariPool.run(HikariPool.java:788)] HikariPool-1 - Thread starvation or clock leap detected (housekeeper delta=8h13m10s771ms341µs400ns).
12:02:45.749 WARN  [http-nio-8080-exec-6][DefaultHandlerExceptionResolver.logException(AbstractHandlerExceptionResolver.java:208)] Resolved [org.springframework.web.method.annotation.MethodArgumentTypeMismatchException: Failed to convert value of type 'java.lang.String' to required type 'int'; nested exception is java.lang.NumberFormatException: For input string: "null"]
12:02:45.787 WARN  [http-nio-8080-exec-10][DefaultHandlerExceptionResolver.logException(AbstractHandlerExceptionResolver.java:208)] Resolved [org.springframework.web.method.annotation.MethodArgumentTypeMismatchException: Failed to convert value of type 'java.lang.String' to required type 'int'; nested exception is java.lang.NumberFormatException: For input string: "null"]
12:03:06.705 INFO  [http-nio-8080-exec-2][UserServiceImpl.login(UserServiceImpl.java:94)] login successful
12:04:43.546 INFO  [http-nio-8080-exec-1][RecordServiceImpl.create(RecordServiceImpl.java:74)] Record created successfully. ID: 39
12:12:54.907 WARN  [HikariPool-1 housekeeper][HikariPool.run(HikariPool.java:788)] HikariPool-1 - Thread starvation or clock leap detected (housekeeper delta=4m9s529ms645µs500ns).
12:18:00.856 WARN  [http-nio-8080-exec-9][DefaultHandlerExceptionResolver.logException(AbstractHandlerExceptionResolver.java:208)] Resolved [org.springframework.web.method.annotation.MethodArgumentTypeMismatchException: Failed to convert value of type 'java.lang.String' to required type 'int'; nested exception is java.lang.NumberFormatException: For input string: "null"]
12:18:01.035 WARN  [http-nio-8080-exec-8][DefaultHandlerExceptionResolver.logException(AbstractHandlerExceptionResolver.java:208)] Resolved [org.springframework.web.method.annotation.MethodArgumentTypeMismatchException: Failed to convert value of type 'java.lang.String' to required type 'int'; nested exception is java.lang.NumberFormatException: For input string: "null"]
12:19:08.850 INFO  [http-nio-8080-exec-6][UserServiceImpl.login(UserServiceImpl.java:94)] login successful
12:19:20.666 WARN  [http-nio-8080-exec-9][DefaultHandlerExceptionResolver.logException(AbstractHandlerExceptionResolver.java:208)] Resolved [org.springframework.web.method.annotation.MethodArgumentTypeMismatchException: Failed to convert value of type 'java.lang.String' to required type 'int'; nested exception is java.lang.NumberFormatException: For input string: "null"]
12:19:20.806 WARN  [http-nio-8080-exec-8][DefaultHandlerExceptionResolver.logException(AbstractHandlerExceptionResolver.java:208)] Resolved [org.springframework.web.method.annotation.MethodArgumentTypeMismatchException: Failed to convert value of type 'java.lang.String' to required type 'int'; nested exception is java.lang.NumberFormatException: For input string: "null"]
12:34:34.695 INFO  [http-nio-8080-exec-4][UserServiceImpl.login(UserServiceImpl.java:94)] login successful
12:53:35.057 WARN  [HikariPool-1 housekeeper][HikariPool.run(HikariPool.java:788)] HikariPool-1 - Thread starvation or clock leap detected (housekeeper delta=1m39s530ms488µs100ns).
14:33:03.167 INFO  [http-nio-8080-exec-4][RecordServiceImpl.create(RecordServiceImpl.java:74)] Record created successfully. ID: 40
16:43:23.381 WARN  [http-nio-8080-exec-1][DefaultHandlerExceptionResolver.logException(AbstractHandlerExceptionResolver.java:208)] Resolved [org.springframework.web.method.annotation.MethodArgumentTypeMismatchException: Failed to convert value of type 'java.lang.String' to required type 'int'; nested exception is java.lang.NumberFormatException: For input string: "null"]
16:43:54.294 INFO  [http-nio-8080-exec-6][UserServiceImpl.login(UserServiceImpl.java:94)] login successful
19:31:35.379 WARN  [HikariPool-1 housekeeper][HikariPool.run(HikariPool.java:788)] HikariPool-1 - Thread starvation or clock leap detected (housekeeper delta=1h42m25s743ms229µs100ns).
21:13:59.405 WARN  [HikariPool-1 housekeeper][HikariPool.run(HikariPool.java:788)] HikariPool-1 - Thread starvation or clock leap detected (housekeeper delta=2m50s384ms867µs800ns).
