00:10:03.609 INFO  [restartedMain][PipiShrimpApplication.logStarting(StartupInfoLogger.java:55)] Starting PipiShrimpApplication using Java 11.0.14.1 on LAPTOP-BS6O2N7Q with PID 23300 (C:\Users\user\Desktop\全端課程\小專案\teamProject\bin\main started by user in C:\Users\user\Desktop\全端課程\小專案\teamProject)
00:10:03.612 INFO  [restartedMain][PipiShrimpApplication.logStartupProfileInfo(SpringApplication.java:632)] No active profile set, falling back to 1 default profile: "default"
00:10:03.677 INFO  [restartedMain][DevToolsPropertyDefaultsPostProcessor.logTo(DeferredLog.java:255)] Devtools property defaults active! Set 'spring.devtools.add-properties' to 'false' to disable
00:10:03.679 INFO  [restartedMain][DevToolsPropertyDefaultsPostProcessor.logTo(DeferredLog.java:255)] For additional web related logging consider setting the 'logging.level.web' property to 'DEBUG'
00:10:04.473 INFO  [restartedMain][RepositoryConfigurationDelegate.registerRepositoriesIn(RepositoryConfigurationDelegate.java:132)] Bootstrapping Spring Data JPA repositories in DEFAULT mode.
00:10:04.579 INFO  [restartedMain][RepositoryConfigurationDelegate.registerRepositoriesIn(RepositoryConfigurationDelegate.java:201)] Finished Spring Data repository scanning in 96 ms. Found 5 JPA repository interfaces.
00:10:05.686 INFO  [restartedMain][TomcatWebServer.initialize(TomcatWebServer.java:108)] Tomcat initialized with port(s): 8080 (http)
00:10:05.696 INFO  [restartedMain][Http11NioProtocol.log(DirectJDKLog.java:173)] Initializing ProtocolHandler ["http-nio-8080"]
00:10:05.700 INFO  [restartedMain][StandardService.log(DirectJDKLog.java:173)] Starting service [Tomcat]
00:10:05.700 INFO  [restartedMain][StandardEngine.log(DirectJDKLog.java:173)] Starting Servlet engine: [Apache Tomcat/9.0.82]
00:10:05.803 INFO  [restartedMain][[/].log(DirectJDKLog.java:173)] Initializing Spring embedded WebApplicationContext
00:10:05.804 INFO  [restartedMain][ServletWebServerApplicationContext.prepareWebApplicationContext(ServletWebServerApplicationContext.java:292)] Root WebApplicationContext: initialization completed in 2124 ms
00:10:06.010 INFO  [restartedMain][HikariDataSource.getConnection(HikariDataSource.java:110)] HikariPool-1 - Starting...
00:10:06.188 INFO  [restartedMain][HikariDataSource.getConnection(HikariDataSource.java:123)] HikariPool-1 - Start completed.
00:10:06.454 INFO  [restartedMain][LogHelper.logPersistenceUnitInformation(LogHelper.java:31)] HHH000204: Processing PersistenceUnitInfo [name: default]
00:10:06.603 INFO  [restartedMain][Version.logVersion(Version.java:44)] HHH000412: Hibernate ORM core version 5.6.15.Final
00:10:06.790 INFO  [restartedMain][Version.<clinit>(JavaReflectionManager.java:56)] HCANN000001: Hibernate Commons Annotations {5.1.2.Final}
00:10:06.933 INFO  [restartedMain][Dialect.<init>(Dialect.java:175)] HHH000400: Using dialect: org.hibernate.dialect.MySQL8Dialect
00:10:07.544 INFO  [restartedMain][JtaPlatformInitiator.initiateService(JtaPlatformInitiator.java:52)] HHH000490: Using JtaPlatform implementation: [org.hibernate.engine.transaction.jta.platform.internal.NoJtaPlatform]
00:10:07.557 INFO  [restartedMain][LocalContainerEntityManagerFactoryBean.buildNativeEntityManagerFactory(AbstractEntityManagerFactoryBean.java:437)] Initialized JPA EntityManagerFactory for persistence unit 'default'
00:10:08.500 WARN  [restartedMain][JpaBaseConfiguration$JpaWebConfiguration.openEntityManagerInViewInterceptor(JpaBaseConfiguration.java:223)] spring.jpa.open-in-view is enabled by default. Therefore, database queries may be performed during view rendering. Explicitly configure spring.jpa.open-in-view to disable this warning
00:10:09.304 INFO  [restartedMain][OptionalLiveReloadServer.startServer(OptionalLiveReloadServer.java:59)] LiveReload server is running on port 35729
00:10:09.321 INFO  [restartedMain][Http11NioProtocol.log(DirectJDKLog.java:173)] Starting ProtocolHandler ["http-nio-8080"]
00:10:09.354 INFO  [restartedMain][TomcatWebServer.start(TomcatWebServer.java:220)] Tomcat started on port(s): 8080 (http) with context path ''
00:10:09.370 INFO  [restartedMain][PipiShrimpApplication.logStarted(StartupInfoLogger.java:61)] Started PipiShrimpApplication in 6.146 seconds (JVM running for 6.838)
00:10:40.278 INFO  [http-nio-8080-exec-1][[/].log(DirectJDKLog.java:173)] Initializing Spring DispatcherServlet 'dispatcherServlet'
00:10:40.280 INFO  [http-nio-8080-exec-1][DispatcherServlet.initServletBean(FrameworkServlet.java:525)] Initializing Servlet 'dispatcherServlet'
00:10:40.283 INFO  [http-nio-8080-exec-1][DispatcherServlet.initServletBean(FrameworkServlet.java:547)] Completed initialization in 2 ms
00:13:27.611 INFO  [File Watcher][LocalDevToolsAutoConfiguration$RestartingClassPathChangeChangedEventListener.onApplicationEvent(LocalDevToolsAutoConfiguration.java:211)] Restarting due to 1 class path change (0 additions, 0 deletions, 1 modification)
00:13:27.697 INFO  [Thread-5][Http11NioProtocol.log(DirectJDKLog.java:173)] Pausing ProtocolHandler ["http-nio-8080"]
00:13:27.698 INFO  [Thread-5][StandardService.log(DirectJDKLog.java:173)] Stopping service [Tomcat]
00:13:27.701 INFO  [Thread-5][[/].log(DirectJDKLog.java:173)] Destroying Spring FrameworkServlet 'dispatcherServlet'
00:13:27.706 INFO  [Thread-5][Http11NioProtocol.log(DirectJDKLog.java:173)] Stopping ProtocolHandler ["http-nio-8080"]
00:13:27.712 INFO  [Thread-5][Http11NioProtocol.log(DirectJDKLog.java:173)] Destroying ProtocolHandler ["http-nio-8080"]
00:13:27.715 INFO  [Thread-5][LocalContainerEntityManagerFactoryBean.destroy(AbstractEntityManagerFactoryBean.java:651)] Closing JPA EntityManagerFactory for persistence unit 'default'
00:13:27.723 INFO  [Thread-5][HikariDataSource.close(HikariDataSource.java:350)] HikariPool-1 - Shutdown initiated...
00:13:27.743 INFO  [Thread-5][HikariDataSource.close(HikariDataSource.java:352)] HikariPool-1 - Shutdown completed.
00:13:27.837 INFO  [restartedMain][PipiShrimpApplication.logStarting(StartupInfoLogger.java:55)] Starting PipiShrimpApplication using Java 11.0.14.1 on LAPTOP-BS6O2N7Q with PID 23300 (C:\Users\user\Desktop\全端課程\小專案\teamProject\bin\main started by user in C:\Users\user\Desktop\全端課程\小專案\teamProject)
00:13:27.837 INFO  [restartedMain][PipiShrimpApplication.logStartupProfileInfo(SpringApplication.java:632)] No active profile set, falling back to 1 default profile: "default"
00:13:28.018 INFO  [restartedMain][RepositoryConfigurationDelegate.registerRepositoriesIn(RepositoryConfigurationDelegate.java:132)] Bootstrapping Spring Data JPA repositories in DEFAULT mode.
00:13:28.048 INFO  [restartedMain][RepositoryConfigurationDelegate.registerRepositoriesIn(RepositoryConfigurationDelegate.java:201)] Finished Spring Data repository scanning in 28 ms. Found 5 JPA repository interfaces.
00:13:28.139 INFO  [restartedMain][TomcatWebServer.initialize(TomcatWebServer.java:108)] Tomcat initialized with port(s): 8080 (http)
00:13:28.139 INFO  [restartedMain][Http11NioProtocol.log(DirectJDKLog.java:173)] Initializing ProtocolHandler ["http-nio-8080"]
00:13:28.140 INFO  [restartedMain][StandardService.log(DirectJDKLog.java:173)] Starting service [Tomcat]
00:13:28.141 INFO  [restartedMain][StandardEngine.log(DirectJDKLog.java:173)] Starting Servlet engine: [Apache Tomcat/9.0.82]
00:13:28.160 INFO  [restartedMain][[/].log(DirectJDKLog.java:173)] Initializing Spring embedded WebApplicationContext
00:13:28.161 INFO  [restartedMain][ServletWebServerApplicationContext.prepareWebApplicationContext(ServletWebServerApplicationContext.java:292)] Root WebApplicationContext: initialization completed in 321 ms
00:13:28.188 INFO  [restartedMain][HikariDataSource.getConnection(HikariDataSource.java:110)] HikariPool-2 - Starting...
00:13:28.199 INFO  [restartedMain][HikariDataSource.getConnection(HikariDataSource.java:123)] HikariPool-2 - Start completed.
00:13:28.220 INFO  [restartedMain][LogHelper.logPersistenceUnitInformation(LogHelper.java:31)] HHH000204: Processing PersistenceUnitInfo [name: default]
00:13:28.226 INFO  [restartedMain][Dialect.<init>(Dialect.java:175)] HHH000400: Using dialect: org.hibernate.dialect.MySQL8Dialect
00:13:28.302 INFO  [restartedMain][JtaPlatformInitiator.initiateService(JtaPlatformInitiator.java:52)] HHH000490: Using JtaPlatform implementation: [org.hibernate.engine.transaction.jta.platform.internal.NoJtaPlatform]
00:13:28.303 INFO  [restartedMain][LocalContainerEntityManagerFactoryBean.buildNativeEntityManagerFactory(AbstractEntityManagerFactoryBean.java:437)] Initialized JPA EntityManagerFactory for persistence unit 'default'
00:13:28.548 WARN  [restartedMain][JpaBaseConfiguration$JpaWebConfiguration.openEntityManagerInViewInterceptor(JpaBaseConfiguration.java:223)] spring.jpa.open-in-view is enabled by default. Therefore, database queries may be performed during view rendering. Explicitly configure spring.jpa.open-in-view to disable this warning
00:13:28.645 INFO  [restartedMain][OptionalLiveReloadServer.startServer(OptionalLiveReloadServer.java:59)] LiveReload server is running on port 35729
00:13:28.650 INFO  [restartedMain][Http11NioProtocol.log(DirectJDKLog.java:173)] Starting ProtocolHandler ["http-nio-8080"]
00:13:28.656 INFO  [restartedMain][TomcatWebServer.start(TomcatWebServer.java:220)] Tomcat started on port(s): 8080 (http) with context path ''
00:13:28.659 INFO  [restartedMain][PipiShrimpApplication.logStarted(StartupInfoLogger.java:61)] Started PipiShrimpApplication in 0.856 seconds (JVM running for 206.127)
00:13:28.664 INFO  [restartedMain][ConditionEvaluationDeltaLoggingListener.onApplicationEvent(ConditionEvaluationDeltaLoggingListener.java:63)] Condition evaluation unchanged
00:13:35.233 INFO  [File Watcher][LocalDevToolsAutoConfiguration$RestartingClassPathChangeChangedEventListener.onApplicationEvent(LocalDevToolsAutoConfiguration.java:211)] Restarting due to 1 class path change (0 additions, 0 deletions, 1 modification)
00:13:35.360 INFO  [Thread-7][Http11NioProtocol.log(DirectJDKLog.java:173)] Pausing ProtocolHandler ["http-nio-8080"]
00:13:35.360 INFO  [Thread-7][StandardService.log(DirectJDKLog.java:173)] Stopping service [Tomcat]
00:13:35.366 INFO  [Thread-7][Http11NioProtocol.log(DirectJDKLog.java:173)] Stopping ProtocolHandler ["http-nio-8080"]
00:13:35.370 INFO  [Thread-7][Http11NioProtocol.log(DirectJDKLog.java:173)] Destroying ProtocolHandler ["http-nio-8080"]
00:13:35.372 INFO  [Thread-7][LocalContainerEntityManagerFactoryBean.destroy(AbstractEntityManagerFactoryBean.java:651)] Closing JPA EntityManagerFactory for persistence unit 'default'
00:13:35.373 INFO  [Thread-7][HikariDataSource.close(HikariDataSource.java:350)] HikariPool-2 - Shutdown initiated...
00:13:35.382 INFO  [Thread-7][HikariDataSource.close(HikariDataSource.java:352)] HikariPool-2 - Shutdown completed.
00:13:35.466 INFO  [restartedMain][PipiShrimpApplication.logStarting(StartupInfoLogger.java:55)] Starting PipiShrimpApplication using Java 11.0.14.1 on LAPTOP-BS6O2N7Q with PID 23300 (C:\Users\user\Desktop\全端課程\小專案\teamProject\bin\main started by user in C:\Users\user\Desktop\全端課程\小專案\teamProject)
00:13:35.468 INFO  [restartedMain][PipiShrimpApplication.logStartupProfileInfo(SpringApplication.java:632)] No active profile set, falling back to 1 default profile: "default"
00:13:35.649 INFO  [restartedMain][RepositoryConfigurationDelegate.registerRepositoriesIn(RepositoryConfigurationDelegate.java:132)] Bootstrapping Spring Data JPA repositories in DEFAULT mode.
00:13:35.684 INFO  [restartedMain][RepositoryConfigurationDelegate.registerRepositoriesIn(RepositoryConfigurationDelegate.java:201)] Finished Spring Data repository scanning in 33 ms. Found 5 JPA repository interfaces.
00:13:35.769 INFO  [restartedMain][TomcatWebServer.initialize(TomcatWebServer.java:108)] Tomcat initialized with port(s): 8080 (http)
00:13:35.775 INFO  [restartedMain][Http11NioProtocol.log(DirectJDKLog.java:173)] Initializing ProtocolHandler ["http-nio-8080"]
00:13:35.776 INFO  [restartedMain][StandardService.log(DirectJDKLog.java:173)] Starting service [Tomcat]
00:13:35.776 INFO  [restartedMain][StandardEngine.log(DirectJDKLog.java:173)] Starting Servlet engine: [Apache Tomcat/9.0.82]
00:13:35.799 INFO  [restartedMain][[/].log(DirectJDKLog.java:173)] Initializing Spring embedded WebApplicationContext
00:13:35.800 INFO  [restartedMain][ServletWebServerApplicationContext.prepareWebApplicationContext(ServletWebServerApplicationContext.java:292)] Root WebApplicationContext: initialization completed in 329 ms
00:13:35.821 INFO  [restartedMain][HikariDataSource.getConnection(HikariDataSource.java:110)] HikariPool-3 - Starting...
00:13:35.828 INFO  [restartedMain][HikariDataSource.getConnection(HikariDataSource.java:123)] HikariPool-3 - Start completed.
00:13:35.857 INFO  [restartedMain][LogHelper.logPersistenceUnitInformation(LogHelper.java:31)] HHH000204: Processing PersistenceUnitInfo [name: default]
00:13:35.864 INFO  [restartedMain][Dialect.<init>(Dialect.java:175)] HHH000400: Using dialect: org.hibernate.dialect.MySQL8Dialect
00:13:35.984 INFO  [restartedMain][JtaPlatformInitiator.initiateService(JtaPlatformInitiator.java:52)] HHH000490: Using JtaPlatform implementation: [org.hibernate.engine.transaction.jta.platform.internal.NoJtaPlatform]
00:13:35.985 INFO  [restartedMain][LocalContainerEntityManagerFactoryBean.buildNativeEntityManagerFactory(AbstractEntityManagerFactoryBean.java:437)] Initialized JPA EntityManagerFactory for persistence unit 'default'
00:13:36.184 WARN  [restartedMain][JpaBaseConfiguration$JpaWebConfiguration.openEntityManagerInViewInterceptor(JpaBaseConfiguration.java:223)] spring.jpa.open-in-view is enabled by default. Therefore, database queries may be performed during view rendering. Explicitly configure spring.jpa.open-in-view to disable this warning
00:13:36.260 INFO  [restartedMain][OptionalLiveReloadServer.startServer(OptionalLiveReloadServer.java:59)] LiveReload server is running on port 35729
00:13:36.263 INFO  [restartedMain][Http11NioProtocol.log(DirectJDKLog.java:173)] Starting ProtocolHandler ["http-nio-8080"]
00:13:36.268 INFO  [restartedMain][TomcatWebServer.start(TomcatWebServer.java:220)] Tomcat started on port(s): 8080 (http) with context path ''
00:13:36.272 INFO  [restartedMain][PipiShrimpApplication.logStarted(StartupInfoLogger.java:61)] Started PipiShrimpApplication in 0.846 seconds (JVM running for 213.74)
00:13:36.274 INFO  [restartedMain][ConditionEvaluationDeltaLoggingListener.onApplicationEvent(ConditionEvaluationDeltaLoggingListener.java:63)] Condition evaluation unchanged
00:13:56.322 INFO  [File Watcher][LocalDevToolsAutoConfiguration$RestartingClassPathChangeChangedEventListener.onApplicationEvent(LocalDevToolsAutoConfiguration.java:211)] Restarting due to 1 class path change (0 additions, 0 deletions, 1 modification)
00:13:56.396 INFO  [Thread-11][Http11NioProtocol.log(DirectJDKLog.java:173)] Pausing ProtocolHandler ["http-nio-8080"]
00:13:56.396 INFO  [Thread-11][StandardService.log(DirectJDKLog.java:173)] Stopping service [Tomcat]
00:13:56.399 INFO  [Thread-11][Http11NioProtocol.log(DirectJDKLog.java:173)] Stopping ProtocolHandler ["http-nio-8080"]
00:13:56.401 INFO  [Thread-11][Http11NioProtocol.log(DirectJDKLog.java:173)] Destroying ProtocolHandler ["http-nio-8080"]
00:13:56.403 INFO  [Thread-11][LocalContainerEntityManagerFactoryBean.destroy(AbstractEntityManagerFactoryBean.java:651)] Closing JPA EntityManagerFactory for persistence unit 'default'
00:13:56.405 INFO  [Thread-11][HikariDataSource.close(HikariDataSource.java:350)] HikariPool-3 - Shutdown initiated...
00:13:56.415 INFO  [Thread-11][HikariDataSource.close(HikariDataSource.java:352)] HikariPool-3 - Shutdown completed.
00:13:56.511 INFO  [restartedMain][PipiShrimpApplication.logStarting(StartupInfoLogger.java:55)] Starting PipiShrimpApplication using Java 11.0.14.1 on LAPTOP-BS6O2N7Q with PID 23300 (C:\Users\user\Desktop\全端課程\小專案\teamProject\bin\main started by user in C:\Users\user\Desktop\全端課程\小專案\teamProject)
00:13:56.512 INFO  [restartedMain][PipiShrimpApplication.logStartupProfileInfo(SpringApplication.java:632)] No active profile set, falling back to 1 default profile: "default"
00:13:56.699 INFO  [restartedMain][RepositoryConfigurationDelegate.registerRepositoriesIn(RepositoryConfigurationDelegate.java:132)] Bootstrapping Spring Data JPA repositories in DEFAULT mode.
00:13:56.728 INFO  [restartedMain][RepositoryConfigurationDelegate.registerRepositoriesIn(RepositoryConfigurationDelegate.java:201)] Finished Spring Data repository scanning in 28 ms. Found 5 JPA repository interfaces.
00:13:56.812 INFO  [restartedMain][TomcatWebServer.initialize(TomcatWebServer.java:108)] Tomcat initialized with port(s): 8080 (http)
00:13:56.813 INFO  [restartedMain][Http11NioProtocol.log(DirectJDKLog.java:173)] Initializing ProtocolHandler ["http-nio-8080"]
00:13:56.814 INFO  [restartedMain][StandardService.log(DirectJDKLog.java:173)] Starting service [Tomcat]
00:13:56.815 INFO  [restartedMain][StandardEngine.log(DirectJDKLog.java:173)] Starting Servlet engine: [Apache Tomcat/9.0.82]
00:13:56.834 INFO  [restartedMain][[/].log(DirectJDKLog.java:173)] Initializing Spring embedded WebApplicationContext
00:13:56.834 INFO  [restartedMain][ServletWebServerApplicationContext.prepareWebApplicationContext(ServletWebServerApplicationContext.java:292)] Root WebApplicationContext: initialization completed in 319 ms
00:13:56.850 INFO  [restartedMain][HikariDataSource.getConnection(HikariDataSource.java:110)] HikariPool-4 - Starting...
00:13:56.856 INFO  [restartedMain][HikariDataSource.getConnection(HikariDataSource.java:123)] HikariPool-4 - Start completed.
00:13:56.888 INFO  [restartedMain][LogHelper.logPersistenceUnitInformation(LogHelper.java:31)] HHH000204: Processing PersistenceUnitInfo [name: default]
00:13:56.894 INFO  [restartedMain][Dialect.<init>(Dialect.java:175)] HHH000400: Using dialect: org.hibernate.dialect.MySQL8Dialect
00:13:57.000 INFO  [restartedMain][JtaPlatformInitiator.initiateService(JtaPlatformInitiator.java:52)] HHH000490: Using JtaPlatform implementation: [org.hibernate.engine.transaction.jta.platform.internal.NoJtaPlatform]
00:13:57.001 INFO  [restartedMain][LocalContainerEntityManagerFactoryBean.buildNativeEntityManagerFactory(AbstractEntityManagerFactoryBean.java:437)] Initialized JPA EntityManagerFactory for persistence unit 'default'
00:13:57.281 WARN  [restartedMain][JpaBaseConfiguration$JpaWebConfiguration.openEntityManagerInViewInterceptor(JpaBaseConfiguration.java:223)] spring.jpa.open-in-view is enabled by default. Therefore, database queries may be performed during view rendering. Explicitly configure spring.jpa.open-in-view to disable this warning
00:13:57.371 INFO  [restartedMain][OptionalLiveReloadServer.startServer(OptionalLiveReloadServer.java:59)] LiveReload server is running on port 35729
00:13:57.375 INFO  [restartedMain][Http11NioProtocol.log(DirectJDKLog.java:173)] Starting ProtocolHandler ["http-nio-8080"]
00:13:57.381 INFO  [restartedMain][TomcatWebServer.start(TomcatWebServer.java:220)] Tomcat started on port(s): 8080 (http) with context path ''
00:13:57.387 INFO  [restartedMain][PipiShrimpApplication.logStarted(StartupInfoLogger.java:61)] Started PipiShrimpApplication in 0.917 seconds (JVM running for 234.855)
00:13:57.389 INFO  [restartedMain][ConditionEvaluationDeltaLoggingListener.onApplicationEvent(ConditionEvaluationDeltaLoggingListener.java:63)] Condition evaluation unchanged
00:14:41.006 INFO  [http-nio-8080-exec-1][[/].log(DirectJDKLog.java:173)] Initializing Spring DispatcherServlet 'dispatcherServlet'
00:14:41.010 INFO  [http-nio-8080-exec-1][DispatcherServlet.initServletBean(FrameworkServlet.java:525)] Initializing Servlet 'dispatcherServlet'
00:14:41.011 INFO  [http-nio-8080-exec-1][DispatcherServlet.initServletBean(FrameworkServlet.java:547)] Completed initialization in 1 ms
00:14:45.564 INFO  [http-nio-8080-exec-2][UserServiceImpl.login(UserServiceImpl.java:103)] login successful
00:14:46.070 INFO  [http-nio-8080-exec-3][UserServiceImpl.login(UserServiceImpl.java:103)] login successful
00:15:31.633 INFO  [File Watcher][LocalDevToolsAutoConfiguration$RestartingClassPathChangeChangedEventListener.onApplicationEvent(LocalDevToolsAutoConfiguration.java:211)] Restarting due to 1 class path change (0 additions, 0 deletions, 1 modification)
00:15:31.723 INFO  [Thread-15][Http11NioProtocol.log(DirectJDKLog.java:173)] Pausing ProtocolHandler ["http-nio-8080"]
00:15:31.723 INFO  [Thread-15][StandardService.log(DirectJDKLog.java:173)] Stopping service [Tomcat]
00:15:31.725 INFO  [Thread-15][[/].log(DirectJDKLog.java:173)] Destroying Spring FrameworkServlet 'dispatcherServlet'
00:15:31.735 INFO  [Thread-15][Http11NioProtocol.log(DirectJDKLog.java:173)] Stopping ProtocolHandler ["http-nio-8080"]
00:15:31.739 INFO  [Thread-15][Http11NioProtocol.log(DirectJDKLog.java:173)] Destroying ProtocolHandler ["http-nio-8080"]
00:15:31.741 INFO  [Thread-15][LocalContainerEntityManagerFactoryBean.destroy(AbstractEntityManagerFactoryBean.java:651)] Closing JPA EntityManagerFactory for persistence unit 'default'
00:15:31.742 INFO  [Thread-15][HikariDataSource.close(HikariDataSource.java:350)] HikariPool-4 - Shutdown initiated...
00:15:31.752 INFO  [Thread-15][HikariDataSource.close(HikariDataSource.java:352)] HikariPool-4 - Shutdown completed.
00:15:31.838 INFO  [restartedMain][PipiShrimpApplication.logStarting(StartupInfoLogger.java:55)] Starting PipiShrimpApplication using Java 11.0.14.1 on LAPTOP-BS6O2N7Q with PID 23300 (C:\Users\user\Desktop\全端課程\小專案\teamProject\bin\main started by user in C:\Users\user\Desktop\全端課程\小專案\teamProject)
00:15:31.839 INFO  [restartedMain][PipiShrimpApplication.logStartupProfileInfo(SpringApplication.java:632)] No active profile set, falling back to 1 default profile: "default"
00:15:31.980 INFO  [restartedMain][RepositoryConfigurationDelegate.registerRepositoriesIn(RepositoryConfigurationDelegate.java:132)] Bootstrapping Spring Data JPA repositories in DEFAULT mode.
00:15:32.006 INFO  [restartedMain][RepositoryConfigurationDelegate.registerRepositoriesIn(RepositoryConfigurationDelegate.java:201)] Finished Spring Data repository scanning in 25 ms. Found 5 JPA repository interfaces.
00:15:32.067 INFO  [restartedMain][TomcatWebServer.initialize(TomcatWebServer.java:108)] Tomcat initialized with port(s): 8080 (http)
00:15:32.068 INFO  [restartedMain][Http11NioProtocol.log(DirectJDKLog.java:173)] Initializing ProtocolHandler ["http-nio-8080"]
00:15:32.068 INFO  [restartedMain][StandardService.log(DirectJDKLog.java:173)] Starting service [Tomcat]
00:15:32.069 INFO  [restartedMain][StandardEngine.log(DirectJDKLog.java:173)] Starting Servlet engine: [Apache Tomcat/9.0.82]
00:15:32.081 INFO  [restartedMain][[/].log(DirectJDKLog.java:173)] Initializing Spring embedded WebApplicationContext
00:15:32.082 INFO  [restartedMain][ServletWebServerApplicationContext.prepareWebApplicationContext(ServletWebServerApplicationContext.java:292)] Root WebApplicationContext: initialization completed in 240 ms
00:15:32.096 INFO  [restartedMain][HikariDataSource.getConnection(HikariDataSource.java:110)] HikariPool-5 - Starting...
00:15:32.099 INFO  [restartedMain][HikariDataSource.getConnection(HikariDataSource.java:123)] HikariPool-5 - Start completed.
00:15:32.113 INFO  [restartedMain][LogHelper.logPersistenceUnitInformation(LogHelper.java:31)] HHH000204: Processing PersistenceUnitInfo [name: default]
00:15:32.117 INFO  [restartedMain][Dialect.<init>(Dialect.java:175)] HHH000400: Using dialect: org.hibernate.dialect.MySQL8Dialect
00:15:32.165 INFO  [restartedMain][JtaPlatformInitiator.initiateService(JtaPlatformInitiator.java:52)] HHH000490: Using JtaPlatform implementation: [org.hibernate.engine.transaction.jta.platform.internal.NoJtaPlatform]
00:15:32.165 INFO  [restartedMain][LocalContainerEntityManagerFactoryBean.buildNativeEntityManagerFactory(AbstractEntityManagerFactoryBean.java:437)] Initialized JPA EntityManagerFactory for persistence unit 'default'
00:15:32.291 WARN  [restartedMain][JpaBaseConfiguration$JpaWebConfiguration.openEntityManagerInViewInterceptor(JpaBaseConfiguration.java:223)] spring.jpa.open-in-view is enabled by default. Therefore, database queries may be performed during view rendering. Explicitly configure spring.jpa.open-in-view to disable this warning
00:15:32.352 INFO  [restartedMain][OptionalLiveReloadServer.startServer(OptionalLiveReloadServer.java:59)] LiveReload server is running on port 35729
00:15:32.354 INFO  [restartedMain][Http11NioProtocol.log(DirectJDKLog.java:173)] Starting ProtocolHandler ["http-nio-8080"]
00:15:32.356 INFO  [restartedMain][TomcatWebServer.start(TomcatWebServer.java:220)] Tomcat started on port(s): 8080 (http) with context path ''
00:15:32.358 INFO  [restartedMain][PipiShrimpApplication.logStarted(StartupInfoLogger.java:61)] Started PipiShrimpApplication in 0.542 seconds (JVM running for 329.826)
00:15:32.359 INFO  [restartedMain][ConditionEvaluationDeltaLoggingListener.onApplicationEvent(ConditionEvaluationDeltaLoggingListener.java:63)] Condition evaluation unchanged
00:15:48.608 INFO  [http-nio-8080-exec-1][[/].log(DirectJDKLog.java:173)] Initializing Spring DispatcherServlet 'dispatcherServlet'
00:15:48.611 INFO  [http-nio-8080-exec-1][DispatcherServlet.initServletBean(FrameworkServlet.java:525)] Initializing Servlet 'dispatcherServlet'
00:15:48.613 INFO  [http-nio-8080-exec-1][DispatcherServlet.initServletBean(FrameworkServlet.java:547)] Completed initialization in 1 ms
00:15:48.883 INFO  [http-nio-8080-exec-1][UserServiceImpl.login(UserServiceImpl.java:106)] login successful
12:43:01.319 INFO  [restartedMain][PipiShrimpApplication.logStarting(StartupInfoLogger.java:55)] Starting PipiShrimpApplication using Java 11.0.14.1 on LAPTOP-BS6O2N7Q with PID 12212 (C:\Users\user\Desktop\全端課程\小專案\teamProject\bin\main started by user in C:\Users\user\Desktop\全端課程\小專案\teamProject)
12:43:01.325 INFO  [restartedMain][PipiShrimpApplication.logStartupProfileInfo(SpringApplication.java:632)] No active profile set, falling back to 1 default profile: "default"
12:43:01.402 INFO  [restartedMain][DevToolsPropertyDefaultsPostProcessor.logTo(DeferredLog.java:255)] Devtools property defaults active! Set 'spring.devtools.add-properties' to 'false' to disable
12:43:01.403 INFO  [restartedMain][DevToolsPropertyDefaultsPostProcessor.logTo(DeferredLog.java:255)] For additional web related logging consider setting the 'logging.level.web' property to 'DEBUG'
12:43:02.163 INFO  [restartedMain][RepositoryConfigurationDelegate.registerRepositoriesIn(RepositoryConfigurationDelegate.java:132)] Bootstrapping Spring Data JPA repositories in DEFAULT mode.
12:43:02.258 INFO  [restartedMain][RepositoryConfigurationDelegate.registerRepositoriesIn(RepositoryConfigurationDelegate.java:201)] Finished Spring Data repository scanning in 80 ms. Found 5 JPA repository interfaces.
12:43:03.215 INFO  [restartedMain][TomcatWebServer.initialize(TomcatWebServer.java:108)] Tomcat initialized with port(s): 8080 (http)
12:43:03.225 INFO  [restartedMain][Http11NioProtocol.log(DirectJDKLog.java:173)] Initializing ProtocolHandler ["http-nio-8080"]
12:43:03.227 INFO  [restartedMain][StandardService.log(DirectJDKLog.java:173)] Starting service [Tomcat]
12:43:03.227 INFO  [restartedMain][StandardEngine.log(DirectJDKLog.java:173)] Starting Servlet engine: [Apache Tomcat/9.0.82]
12:43:03.334 INFO  [restartedMain][[/].log(DirectJDKLog.java:173)] Initializing Spring embedded WebApplicationContext
12:43:03.334 INFO  [restartedMain][ServletWebServerApplicationContext.prepareWebApplicationContext(ServletWebServerApplicationContext.java:292)] Root WebApplicationContext: initialization completed in 1929 ms
12:43:03.479 INFO  [restartedMain][HikariDataSource.getConnection(HikariDataSource.java:110)] HikariPool-1 - Starting...
12:43:03.662 INFO  [restartedMain][HikariDataSource.getConnection(HikariDataSource.java:123)] HikariPool-1 - Start completed.
12:43:03.982 INFO  [restartedMain][LogHelper.logPersistenceUnitInformation(LogHelper.java:31)] HHH000204: Processing PersistenceUnitInfo [name: default]
12:43:04.090 INFO  [restartedMain][Version.logVersion(Version.java:44)] HHH000412: Hibernate ORM core version 5.6.15.Final
12:43:04.307 INFO  [restartedMain][Version.<clinit>(JavaReflectionManager.java:56)] HCANN000001: Hibernate Commons Annotations {5.1.2.Final}
12:43:04.481 INFO  [restartedMain][Dialect.<init>(Dialect.java:175)] HHH000400: Using dialect: org.hibernate.dialect.MySQL8Dialect
12:43:05.174 INFO  [restartedMain][JtaPlatformInitiator.initiateService(JtaPlatformInitiator.java:52)] HHH000490: Using JtaPlatform implementation: [org.hibernate.engine.transaction.jta.platform.internal.NoJtaPlatform]
12:43:05.184 INFO  [restartedMain][LocalContainerEntityManagerFactoryBean.buildNativeEntityManagerFactory(AbstractEntityManagerFactoryBean.java:437)] Initialized JPA EntityManagerFactory for persistence unit 'default'
12:43:06.021 WARN  [restartedMain][JpaBaseConfiguration$JpaWebConfiguration.openEntityManagerInViewInterceptor(JpaBaseConfiguration.java:223)] spring.jpa.open-in-view is enabled by default. Therefore, database queries may be performed during view rendering. Explicitly configure spring.jpa.open-in-view to disable this warning
12:43:06.768 INFO  [restartedMain][OptionalLiveReloadServer.startServer(OptionalLiveReloadServer.java:59)] LiveReload server is running on port 35729
12:43:06.788 INFO  [restartedMain][Http11NioProtocol.log(DirectJDKLog.java:173)] Starting ProtocolHandler ["http-nio-8080"]
12:43:06.849 INFO  [restartedMain][TomcatWebServer.start(TomcatWebServer.java:220)] Tomcat started on port(s): 8080 (http) with context path ''
12:43:06.866 INFO  [restartedMain][PipiShrimpApplication.logStarted(StartupInfoLogger.java:61)] Started PipiShrimpApplication in 5.936 seconds (JVM running for 6.565)
12:45:05.986 INFO  [http-nio-8080-exec-1][[/].log(DirectJDKLog.java:173)] Initializing Spring DispatcherServlet 'dispatcherServlet'
12:45:05.989 INFO  [http-nio-8080-exec-1][DispatcherServlet.initServletBean(FrameworkServlet.java:525)] Initializing Servlet 'dispatcherServlet'
12:45:05.991 INFO  [http-nio-8080-exec-1][DispatcherServlet.initServletBean(FrameworkServlet.java:547)] Completed initialization in 2 ms
12:45:06.432 WARN  [http-nio-8080-exec-2][SessionIdGeneratorBase.log(DirectJDKLog.java:173)] Creation of SecureRandom instance for session ID generation using [SHA1PRNG] took [171] milliseconds.
12:45:06.895 INFO  [http-nio-8080-exec-2][UserServiceImpl.login(UserServiceImpl.java:106)] login successful
16:13:53.144 INFO  [restartedMain][PipiShrimpApplication.logStarting(StartupInfoLogger.java:55)] Starting PipiShrimpApplication using Java 11.0.14.1 on LAPTOP-BS6O2N7Q with PID 15580 (C:\Users\user\Desktop\全端課程\小專案\teamProject\bin\main started by user in C:\Users\user\Desktop\全端課程\小專案\teamProject)
16:13:53.149 INFO  [restartedMain][PipiShrimpApplication.logStartupProfileInfo(SpringApplication.java:632)] No active profile set, falling back to 1 default profile: "default"
16:13:53.214 INFO  [restartedMain][DevToolsPropertyDefaultsPostProcessor.logTo(DeferredLog.java:255)] Devtools property defaults active! Set 'spring.devtools.add-properties' to 'false' to disable
16:13:53.214 INFO  [restartedMain][DevToolsPropertyDefaultsPostProcessor.logTo(DeferredLog.java:255)] For additional web related logging consider setting the 'logging.level.web' property to 'DEBUG'
16:13:54.083 INFO  [restartedMain][RepositoryConfigurationDelegate.registerRepositoriesIn(RepositoryConfigurationDelegate.java:132)] Bootstrapping Spring Data JPA repositories in DEFAULT mode.
16:13:54.172 INFO  [restartedMain][RepositoryConfigurationDelegate.registerRepositoriesIn(RepositoryConfigurationDelegate.java:201)] Finished Spring Data repository scanning in 78 ms. Found 5 JPA repository interfaces.
16:13:55.321 INFO  [restartedMain][TomcatWebServer.initialize(TomcatWebServer.java:108)] Tomcat initialized with port(s): 8080 (http)
16:13:55.335 INFO  [restartedMain][Http11NioProtocol.log(DirectJDKLog.java:173)] Initializing ProtocolHandler ["http-nio-8080"]
16:13:55.337 INFO  [restartedMain][StandardService.log(DirectJDKLog.java:173)] Starting service [Tomcat]
16:13:55.337 INFO  [restartedMain][StandardEngine.log(DirectJDKLog.java:173)] Starting Servlet engine: [Apache Tomcat/9.0.82]
16:13:55.462 INFO  [restartedMain][[/].log(DirectJDKLog.java:173)] Initializing Spring embedded WebApplicationContext
16:13:55.463 INFO  [restartedMain][ServletWebServerApplicationContext.prepareWebApplicationContext(ServletWebServerApplicationContext.java:292)] Root WebApplicationContext: initialization completed in 2248 ms
16:13:55.621 INFO  [restartedMain][HikariDataSource.getConnection(HikariDataSource.java:110)] HikariPool-1 - Starting...
16:13:55.799 INFO  [restartedMain][HikariDataSource.getConnection(HikariDataSource.java:123)] HikariPool-1 - Start completed.
16:13:56.044 INFO  [restartedMain][LogHelper.logPersistenceUnitInformation(LogHelper.java:31)] HHH000204: Processing PersistenceUnitInfo [name: default]
16:13:56.130 INFO  [restartedMain][Version.logVersion(Version.java:44)] HHH000412: Hibernate ORM core version 5.6.15.Final
16:13:56.296 INFO  [restartedMain][Version.<clinit>(JavaReflectionManager.java:56)] HCANN000001: Hibernate Commons Annotations {5.1.2.Final}
16:13:56.454 INFO  [restartedMain][Dialect.<init>(Dialect.java:175)] HHH000400: Using dialect: org.hibernate.dialect.MySQL8Dialect
16:13:57.059 INFO  [restartedMain][JtaPlatformInitiator.initiateService(JtaPlatformInitiator.java:52)] HHH000490: Using JtaPlatform implementation: [org.hibernate.engine.transaction.jta.platform.internal.NoJtaPlatform]
16:13:57.073 INFO  [restartedMain][LocalContainerEntityManagerFactoryBean.buildNativeEntityManagerFactory(AbstractEntityManagerFactoryBean.java:437)] Initialized JPA EntityManagerFactory for persistence unit 'default'
16:13:57.988 WARN  [restartedMain][JpaBaseConfiguration$JpaWebConfiguration.openEntityManagerInViewInterceptor(JpaBaseConfiguration.java:223)] spring.jpa.open-in-view is enabled by default. Therefore, database queries may be performed during view rendering. Explicitly configure spring.jpa.open-in-view to disable this warning
16:13:58.829 INFO  [restartedMain][OptionalLiveReloadServer.startServer(OptionalLiveReloadServer.java:59)] LiveReload server is running on port 35729
16:13:58.856 INFO  [restartedMain][Http11NioProtocol.log(DirectJDKLog.java:173)] Starting ProtocolHandler ["http-nio-8080"]
16:13:58.900 INFO  [restartedMain][TomcatWebServer.start(TomcatWebServer.java:220)] Tomcat started on port(s): 8080 (http) with context path ''
16:13:58.918 INFO  [restartedMain][PipiShrimpApplication.logStarted(StartupInfoLogger.java:61)] Started PipiShrimpApplication in 6.177 seconds (JVM running for 6.907)
16:14:15.108 INFO  [http-nio-8080-exec-1][[/].log(DirectJDKLog.java:173)] Initializing Spring DispatcherServlet 'dispatcherServlet'
16:14:15.110 INFO  [http-nio-8080-exec-1][DispatcherServlet.initServletBean(FrameworkServlet.java:525)] Initializing Servlet 'dispatcherServlet'
16:14:15.113 INFO  [http-nio-8080-exec-1][DispatcherServlet.initServletBean(FrameworkServlet.java:547)] Completed initialization in 2 ms
16:14:25.806 WARN  [http-nio-8080-exec-5][SessionIdGeneratorBase.log(DirectJDKLog.java:173)] Creation of SecureRandom instance for session ID generation using [SHA1PRNG] took [175] milliseconds.
16:14:26.203 INFO  [http-nio-8080-exec-5][UserServiceImpl.login(UserServiceImpl.java:106)] login successful
